<?xml version="1.0" encoding="UTF-8"?>
<!-- Generated by org.testng.reporters.JUnitReportReporter -->
<testsuite name="com.project.samplemvnproject.TC001" tests="3"
	time="32.673" ignored="0" failures="0"
	timestamp="31 Dec 2019 20:37:46 GMT" skipped="1"
	hostname="DESKTOP-QNHHQU3" errors="1">
	<testcase name="amazon" time="32.670"
		classname="com.project.samplemvnproject.TC001" />
	<testcase name="amazon" time="0.003"
		classname="com.project.samplemvnproject.TC001">
		<skipped />
	</testcase> <!-- amazon -->
	<testcase name="startProcess" time="0.000"
		classname="com.project.samplemvnproject.TC001">
		<error type="org.openqa.selenium.InvalidArgumentException"
			message="invalid argument: user data directory is already in use, please specify a unique value for --user-data-dir argument, or don&#039;t use --user-data-dir
Build info: version: &#039;3.141.59&#039;, revision: &#039;e82be7d358&#039;, time: &#039;2018-11-14T08:17:03&#039;
System info: host: &#039;DESKTOP-QNHHQU3&#039;, ip: &#039;192.168.137.1&#039;, os.name: &#039;Windows 10&#039;, os.arch: &#039;amd64&#039;, os.version: &#039;10.0&#039;, java.version: &#039;1.8.0_231&#039;
Driver info: driver.version: ChromeDriver
remote stacktrace: Backtrace:
	Ordinal0 [0x00E7A113+1548563]
	Ordinal0 [0x00DFDDA1+1039777]
	Ordinal0 [0x00D7E485+517253]
	Ordinal0 [0x00D0CB4B+52043]
	Ordinal0 [0x00D2B797+178071]
	Ordinal0 [0x00D2B59D+177565]
	Ordinal0 [0x00D295FB+169467]
	Ordinal0 [0x00D1160A+71178]
	Ordinal0 [0x00D12690+75408]
	Ordinal0 [0x00D12629+75305]
	Ordinal0 [0x00E171B7+1143223]
	GetHandleVerifier [0x00F12B46+507814]
	GetHandleVerifier [0x00F12864+507076]
	GetHandleVerifier [0x00F19F47+537511]
	GetHandleVerifier [0x00F13402+510050]
	Ordinal0 [0x00E0F29C+1110684]
	Ordinal0 [0x00E1938B+1151883]
	Ordinal0 [0x00E194F3+1152243]
	Ordinal0 [0x00E183F5+1147893]
	BaseThreadInitThunk [0x769F6359+25]
	RtlGetAppContainerNamedObjectPath [0x775F7B74+228]
	RtlGetAppContainerNamedObjectPath [0x775F7B44+180]
">
      <![CDATA[org.openqa.selenium.InvalidArgumentException: invalid argument: user data directory is already in use, please specify a unique value for --user-data-dir argument, or don't use --user-data-dir
Build info: version: '3.141.59', revision: 'e82be7d358', time: '2018-11-14T08:17:03'
System info: host: 'DESKTOP-QNHHQU3', ip: '192.168.137.1', os.name: 'Windows 10', os.arch: 'amd64', os.version: '10.0', java.version: '1.8.0_231'
Driver info: driver.version: ChromeDriver
remote stacktrace: Backtrace:
	Ordinal0 [0x00E7A113+1548563]
	Ordinal0 [0x00DFDDA1+1039777]
	Ordinal0 [0x00D7E485+517253]
	Ordinal0 [0x00D0CB4B+52043]
	Ordinal0 [0x00D2B797+178071]
	Ordinal0 [0x00D2B59D+177565]
	Ordinal0 [0x00D295FB+169467]
	Ordinal0 [0x00D1160A+71178]
	Ordinal0 [0x00D12690+75408]
	Ordinal0 [0x00D12629+75305]
	Ordinal0 [0x00E171B7+1143223]
	GetHandleVerifier [0x00F12B46+507814]
	GetHandleVerifier [0x00F12864+507076]
	GetHandleVerifier [0x00F19F47+537511]
	GetHandleVerifier [0x00F13402+510050]
	Ordinal0 [0x00E0F29C+1110684]
	Ordinal0 [0x00E1938B+1151883]
	Ordinal0 [0x00E194F3+1152243]
	Ordinal0 [0x00E183F5+1147893]
	BaseThreadInitThunk [0x769F6359+25]
	RtlGetAppContainerNamedObjectPath [0x775F7B74+228]
	RtlGetAppContainerNamedObjectPath [0x775F7B44+180]

	at sun.reflect.NativeConstructorAccessorImpl.newInstance0(Native Method)
	at sun.reflect.NativeConstructorAccessorImpl.newInstance(Unknown Source)
	at sun.reflect.DelegatingConstructorAccessorImpl.newInstance(Unknown Source)
	at java.lang.reflect.Constructor.newInstance(Unknown Source)
	at org.openqa.selenium.remote.W3CHandshakeResponse.lambda$errorHandler$0(W3CHandshakeResponse.java:62)
	at org.openqa.selenium.remote.HandshakeResponse.lambda$getResponseFunction$0(HandshakeResponse.java:30)
	at org.openqa.selenium.remote.ProtocolHandshake.lambda$createSession$0(ProtocolHandshake.java:126)
	at java.util.stream.ReferencePipeline$3$1.accept(Unknown Source)
	at java.util.Spliterators$ArraySpliterator.tryAdvance(Unknown Source)
	at java.util.stream.ReferencePipeline.forEachWithCancel(Unknown Source)
	at java.util.stream.AbstractPipeline.copyIntoWithCancel(Unknown Source)
	at java.util.stream.AbstractPipeline.copyInto(Unknown Source)
	at java.util.stream.AbstractPipeline.wrapAndCopyInto(Unknown Source)
	at java.util.stream.FindOps$FindOp.evaluateSequential(Unknown Source)
	at java.util.stream.AbstractPipeline.evaluate(Unknown Source)
	at java.util.stream.ReferencePipeline.findFirst(Unknown Source)
	at org.openqa.selenium.remote.ProtocolHandshake.createSession(ProtocolHandshake.java:128)
	at org.openqa.selenium.remote.ProtocolHandshake.createSession(ProtocolHandshake.java:74)
	at org.openqa.selenium.remote.HttpCommandExecutor.execute(HttpCommandExecutor.java:136)
	at org.openqa.selenium.remote.service.DriverCommandExecutor.execute(DriverCommandExecutor.java:83)
	at org.openqa.selenium.remote.RemoteWebDriver.execute(RemoteWebDriver.java:552)
	at org.openqa.selenium.remote.RemoteWebDriver.startSession(RemoteWebDriver.java:213)
	at org.openqa.selenium.remote.RemoteWebDriver.<init>(RemoteWebDriver.java:131)
	at org.openqa.selenium.chrome.ChromeDriver.<init>(ChromeDriver.java:181)
	at org.openqa.selenium.chrome.ChromeDriver.<init>(ChromeDriver.java:168)
	at org.openqa.selenium.chrome.ChromeDriver.<init>(ChromeDriver.java:157)
	at com.project.samplemvnproject.BaseTest.launch(BaseTest.java:53)
	at com.project.samplemvnproject.TC001.startProcess(TC001.java:23)
	at sun.reflect.NativeMethodAccessorImpl.invoke0(Native Method)
	at sun.reflect.NativeMethodAccessorImpl.invoke(Unknown Source)
	at sun.reflect.DelegatingMethodAccessorImpl.invoke(Unknown Source)
	at java.lang.reflect.Method.invoke(Unknown Source)
	at org.testng.internal.MethodInvocationHelper.invokeMethod(MethodInvocationHelper.java:104)
	at org.testng.internal.Invoker.invokeConfigurationMethod(Invoker.java:515)
	at org.testng.internal.Invoker.invokeConfigurations(Invoker.java:217)
	at org.testng.internal.Invoker.invokeMethod(Invoker.java:590)
	at org.testng.internal.Invoker.invokeTestMethod(Invoker.java:851)
	at org.testng.internal.Invoker.invokeTestMethods(Invoker.java:1177)
	at org.testng.internal.TestMethodWorker.invokeTestMethods(TestMethodWorker.java:129)
	at org.testng.internal.TestMethodWorker.run(TestMethodWorker.java:112)
	at org.testng.TestRunner.privateRun(TestRunner.java:756)
	at org.testng.TestRunner.run(TestRunner.java:610)
	at org.testng.SuiteRunner.runTest(SuiteRunner.java:387)
	at org.testng.SuiteRunner.access$000(SuiteRunner.java:39)
	at org.testng.SuiteRunner$SuiteWorker.run(SuiteRunner.java:421)
	at org.testng.internal.thread.ThreadUtil$2.call(ThreadUtil.java:64)
	at java.util.concurrent.FutureTask.run(Unknown Source)
	at java.util.concurrent.ThreadPoolExecutor.runWorker(Unknown Source)
	at java.util.concurrent.ThreadPoolExecutor$Worker.run(Unknown Source)
	at java.lang.Thread.run(Unknown Source)
]]>
		</error>
	</testcase> <!-- startProcess -->
</testsuite> <!-- com.project.samplemvnproject.TC001 -->
