<?xml version="1.0" encoding="UTF-8"?>
<!-- Generated by org.testng.reporters.JUnitReportReporter -->
<testsuite skipped="1" hostname="DESKTOP-QNHHQU3"
	name="com.sample.testngsamp.TC002" tests="2" failures="0"
	timestamp="26 Dec 2019 15:40:44 GMT" time="1.015" errors="1">
	<testcase name="amazon" time="0.000"
		classname="com.sample.testngsamp.TC002">
		<skipped />
	</testcase> <!-- amazon -->
	<testcase name="startProcess" time="1.015"
		classname="com.sample.testngsamp.TC002">
		<error type="org.openqa.selenium.InvalidArgumentException"
			message="invalid argument: user data directory is already in use, please specify a unique value for --user-data-dir argument, or don&#039;t use --user-data-dir
Build info: version: &#039;3.141.59&#039;, revision: &#039;e82be7d358&#039;, time: &#039;2018-11-14T08:17:03&#039;
System info: host: &#039;DESKTOP-QNHHQU3&#039;, ip: &#039;192.168.137.1&#039;, os.name: &#039;Windows 10&#039;, os.arch: &#039;amd64&#039;, os.version: &#039;10.0&#039;, java.version: &#039;1.8.0_231&#039;
Driver info: driver.version: ChromeDriver
remote stacktrace: Backtrace:
	Ordinal0 [0x0077A113+1548563]
	Ordinal0 [0x006FDDA1+1039777]
	Ordinal0 [0x0067E485+517253]
	Ordinal0 [0x0060CB4B+52043]
	Ordinal0 [0x0062B797+178071]
	Ordinal0 [0x0062B59D+177565]
	Ordinal0 [0x006295FB+169467]
	Ordinal0 [0x0061160A+71178]
	Ordinal0 [0x00612690+75408]
	Ordinal0 [0x00612629+75305]
	Ordinal0 [0x007171B7+1143223]
	GetHandleVerifier [0x00812B46+507814]
	GetHandleVerifier [0x00812864+507076]
	GetHandleVerifier [0x00819F47+537511]
	GetHandleVerifier [0x00813402+510050]
	Ordinal0 [0x0070F29C+1110684]
	Ordinal0 [0x0071938B+1151883]
	Ordinal0 [0x007194F3+1152243]
	Ordinal0 [0x007183F5+1147893]
	BaseThreadInitThunk [0x74FE6359+25]
	RtlGetAppContainerNamedObjectPath [0x77507B74+228]
	RtlGetAppContainerNamedObjectPath [0x77507B44+180]
">
      <![CDATA[org.openqa.selenium.InvalidArgumentException: invalid argument: user data directory is already in use, please specify a unique value for --user-data-dir argument, or don't use --user-data-dirBuild info: version: '3.141.59', revision: 'e82be7d358', time: '2018-11-14T08:17:03'System info: host: 'DESKTOP-QNHHQU3', ip: '192.168.137.1', os.name: 'Windows 10', os.arch: 'amd64', os.version: '10.0', java.version: '1.8.0_231'Driver info: driver.version: ChromeDriverremote stacktrace: Backtrace:Ordinal0 [0x0077A113+1548563]Ordinal0 [0x006FDDA1+1039777]Ordinal0 [0x0067E485+517253]Ordinal0 [0x0060CB4B+52043]Ordinal0 [0x0062B797+178071]Ordinal0 [0x0062B59D+177565]Ordinal0 [0x006295FB+169467]Ordinal0 [0x0061160A+71178]Ordinal0 [0x00612690+75408]Ordinal0 [0x00612629+75305]Ordinal0 [0x007171B7+1143223]GetHandleVerifier [0x00812B46+507814]GetHandleVerifier [0x00812864+507076]GetHandleVerifier [0x00819F47+537511]GetHandleVerifier [0x00813402+510050]Ordinal0 [0x0070F29C+1110684]Ordinal0 [0x0071938B+1151883]Ordinal0 [0x007194F3+1152243]Ordinal0 [0x007183F5+1147893]BaseThreadInitThunk [0x74FE6359+25]RtlGetAppContainerNamedObjectPath [0x77507B74+228]RtlGetAppContainerNamedObjectPath [0x77507B44+180]at sun.reflect.NativeConstructorAccessorImpl.newInstance0(Native Method)at sun.reflect.NativeConstructorAccessorImpl.newInstance(Unknown Source)at sun.reflect.DelegatingConstructorAccessorImpl.newInstance(Unknown Source)at java.lang.reflect.Constructor.newInstance(Unknown Source)at org.openqa.selenium.remote.W3CHandshakeResponse.lambda$errorHandler$0(W3CHandshakeResponse.java:62)at org.openqa.selenium.remote.HandshakeResponse.lambda$getResponseFunction$0(HandshakeResponse.java:30)at org.openqa.selenium.remote.ProtocolHandshake.lambda$createSession$0(ProtocolHandshake.java:126)at java.util.stream.ReferencePipeline$3$1.accept(Unknown Source)at java.util.Spliterators$ArraySpliterator.tryAdvance(Unknown Source)at java.util.stream.ReferencePipeline.forEachWithCancel(Unknown Source)at java.util.stream.AbstractPipeline.copyIntoWithCancel(Unknown Source)at java.util.stream.AbstractPipeline.copyInto(Unknown Source)at java.util.stream.AbstractPipeline.wrapAndCopyInto(Unknown Source)at java.util.stream.FindOps$FindOp.evaluateSequential(Unknown Source)at java.util.stream.AbstractPipeline.evaluate(Unknown Source)at java.util.stream.ReferencePipeline.findFirst(Unknown Source)at org.openqa.selenium.remote.ProtocolHandshake.createSession(ProtocolHandshake.java:128)at org.openqa.selenium.remote.ProtocolHandshake.createSession(ProtocolHandshake.java:74)at org.openqa.selenium.remote.HttpCommandExecutor.execute(HttpCommandExecutor.java:136)at org.openqa.selenium.remote.service.DriverCommandExecutor.execute(DriverCommandExecutor.java:83)at org.openqa.selenium.remote.RemoteWebDriver.execute(RemoteWebDriver.java:552)at org.openqa.selenium.remote.RemoteWebDriver.startSession(RemoteWebDriver.java:213)at org.openqa.selenium.remote.RemoteWebDriver.<init>(RemoteWebDriver.java:131)at org.openqa.selenium.chrome.ChromeDriver.<init>(ChromeDriver.java:181)at org.openqa.selenium.chrome.ChromeDriver.<init>(ChromeDriver.java:168)at org.openqa.selenium.chrome.ChromeDriver.<init>(ChromeDriver.java:157)at com.project.samplemvnproject.BaseTest.launch(BaseTest.java:53)at com.sample.testngsamp.TC002.startProcess(TC002.java:22)at sun.reflect.NativeMethodAccessorImpl.invoke0(Native Method)at sun.reflect.NativeMethodAccessorImpl.invoke(Unknown Source)at sun.reflect.DelegatingMethodAccessorImpl.invoke(Unknown Source)at java.lang.reflect.Method.invoke(Unknown Source)at org.testng.internal.MethodInvocationHelper.invokeMethod(MethodInvocationHelper.java:124)at org.testng.internal.MethodInvocationHelper.invokeMethodConsideringTimeout(MethodInvocationHelper.java:59)at org.testng.internal.Invoker.invokeConfigurationMethod(Invoker.java:451)at org.testng.internal.Invoker.invokeConfigurations(Invoker.java:222)at org.testng.internal.Invoker.invokeConfigurations(Invoker.java:142)at org.testng.TestRunner.beforeRun(TestRunner.java:529)at org.testng.TestRunner.run(TestRunner.java:497)at org.testng.SuiteRunner.runTest(SuiteRunner.java:455)at org.testng.SuiteRunner.runSequentially(SuiteRunner.java:450)at org.testng.SuiteRunner.privateRun(SuiteRunner.java:415)at org.testng.SuiteRunner.run(SuiteRunner.java:364)at org.testng.SuiteRunnerWorker.runSuite(SuiteRunnerWorker.java:52)at org.testng.SuiteRunnerWorker.run(SuiteRunnerWorker.java:84)at org.testng.TestNG.runSuitesSequentially(TestNG.java:1187)at org.testng.TestNG.runSuitesLocally(TestNG.java:1116)at org.testng.TestNG.runSuites(TestNG.java:1028)at org.testng.TestNG.run(TestNG.java:996)at org.testng.remote.AbstractRemoteTestNG.run(AbstractRemoteTestNG.java:115)at org.testng.remote.RemoteTestNG.initAndRun(RemoteTestNG.java:251)at org.testng.remote.RemoteTestNG.main(RemoteTestNG.java:77)]]>
		</error>
	</testcase> <!-- startProcess -->
</testsuite> <!-- com.sample.testngsamp.TC002 -->
