<?xml version="1.0" encoding="UTF-8"?>
<!-- Generated by org.testng.reporters.JUnitXMLReporter -->
<testsuite hostname="DESKTOP-QNHHQU3" ignored="0"
	name="chrome" tests="4" failures="1"
	timestamp="31 Dec 2019 20:36:40 GMT" time="51.304" errors="0">
	<testcase name="@AfterMethod tearDown" time="0.0"
		classname="com.project.samplemvnproject.LinksTesting1">
		<failure type="org.openqa.selenium.WebDriverException"
			message="java.net.ConnectException: Failed to connect to localhost/0:0:0:0:0:0:0:1:26311
Build info: version: &amp;apos;3.141.59&amp;apos;, revision: &amp;apos;e82be7d358&amp;apos;, time: &amp;apos;2018-11-14T08:17:03&amp;apos;
System info: host: &amp;apos;DESKTOP-QNHHQU3&amp;apos;, ip: &amp;apos;192.168.137.1&amp;apos;, os.name: &amp;apos;Windows 10&amp;apos;, os.arch: &amp;apos;amd64&amp;apos;, os.version: &amp;apos;10.0&amp;apos;, java.version: &amp;apos;1.8.0_231&amp;apos;
Driver info: driver.version: RemoteWebDriver">
      <![CDATA[org.openqa.selenium.WebDriverException: java.net.ConnectException: Failed to connect to localhost/0:0:0:0:0:0:0:1:26311
Build info: version: '3.141.59', revision: 'e82be7d358', time: '2018-11-14T08:17:03'
System info: host: 'DESKTOP-QNHHQU3', ip: '192.168.137.1', os.name: 'Windows 10', os.arch: 'amd64', os.version: '10.0', java.version: '1.8.0_231'
Driver info: driver.version: RemoteWebDriver
	at org.openqa.selenium.remote.service.DriverCommandExecutor.execute(DriverCommandExecutor.java:92)
	at org.openqa.selenium.remote.RemoteWebDriver.execute(RemoteWebDriver.java:552)
	at org.openqa.selenium.remote.RemoteWebDriver.execute(RemoteWebDriver.java:609)
	at org.openqa.selenium.remote.RemoteWebDriver.quit(RemoteWebDriver.java:452)
	at com.project.samplemvnproject.LinksTesting1.tearDown(LinksTesting1.java:49)
	at java.util.concurrent.FutureTask.run(Unknown Source)
	at java.util.concurrent.ThreadPoolExecutor.runWorker(Unknown Source)
	at java.util.concurrent.ThreadPoolExecutor$Worker.run(Unknown Source)
	at java.lang.Thread.run(Unknown Source)
Caused by: java.net.ConnectException: Failed to connect to localhost/0:0:0:0:0:0:0:1:26311
	at okhttp3.internal.connection.RealConnection.connectSocket(RealConnection.java:247)
	at okhttp3.internal.connection.RealConnection.connect(RealConnection.java:165)
	at okhttp3.internal.connection.StreamAllocation.findConnection(StreamAllocation.java:257)
	at okhttp3.internal.connection.StreamAllocation.findHealthyConnection(StreamAllocation.java:135)
	at okhttp3.internal.connection.StreamAllocation.newStream(StreamAllocation.java:114)
	at okhttp3.internal.connection.ConnectInterceptor.intercept(ConnectInterceptor.java:42)
	at okhttp3.internal.http.RealInterceptorChain.proceed(RealInterceptorChain.java:147)
	at okhttp3.internal.http.RealInterceptorChain.proceed(RealInterceptorChain.java:121)
	at okhttp3.internal.cache.CacheInterceptor.intercept(CacheInterceptor.java:93)
	at okhttp3.internal.http.RealInterceptorChain.proceed(RealInterceptorChain.java:147)
	at okhttp3.internal.http.RealInterceptorChain.proceed(RealInterceptorChain.java:121)
	at okhttp3.internal.http.BridgeInterceptor.intercept(BridgeInterceptor.java:93)
	at okhttp3.internal.http.RealInterceptorChain.proceed(RealInterceptorChain.java:147)
	at okhttp3.internal.http.RetryAndFollowUpInterceptor.intercept(RetryAndFollowUpInterceptor.java:126)
	at okhttp3.internal.http.RealInterceptorChain.proceed(RealInterceptorChain.java:147)
	at okhttp3.internal.http.RealInterceptorChain.proceed(RealInterceptorChain.java:121)
	at okhttp3.RealCall.getResponseWithInterceptorChain(RealCall.java:200)
	at okhttp3.RealCall.execute(RealCall.java:77)
	at org.openqa.selenium.remote.internal.OkHttpClient.execute(OkHttpClient.java:103)
	at org.openqa.selenium.remote.HttpCommandExecutor.execute(HttpCommandExecutor.java:155)
	at org.openqa.selenium.remote.service.DriverCommandExecutor.execute(DriverCommandExecutor.java:83)
	... 26 more
Caused by: java.net.ConnectException: Connection refused: connect
	at java.net.DualStackPlainSocketImpl.waitForConnect(Native Method)
	at java.net.DualStackPlainSocketImpl.socketConnect(Unknown Source)
	at java.net.AbstractPlainSocketImpl.doConnect(Unknown Source)
	at java.net.AbstractPlainSocketImpl.connectToAddress(Unknown Source)
	at java.net.AbstractPlainSocketImpl.connect(Unknown Source)
	at java.net.PlainSocketImpl.connect(Unknown Source)
	at java.net.SocksSocketImpl.connect(Unknown Source)
	at java.net.Socket.connect(Unknown Source)
	at okhttp3.internal.platform.Platform.connectSocket(Platform.java:129)
	at okhttp3.internal.connection.RealConnection.connectSocket(RealConnection.java:245)
	... 46 more
... Removed 18 stack frames]]>
		</failure>
	</testcase> <!-- @AfterMethod tearDown -->
	<testcase name="@BeforeMethod beforeMethod" time="0.0"
		classname="com.project.samplemvnproject.RadioButton1">
		<failure type="org.openqa.selenium.InvalidArgumentException"
			message="invalid argument: user data directory is already in use, please specify a unique value for --user-data-dir argument, or don&amp;apos;t use --user-data-dir
Build info: version: &amp;apos;3.141.59&amp;apos;, revision: &amp;apos;e82be7d358&amp;apos;, time: &amp;apos;2018-11-14T08:17:03&amp;apos;
System info: host: &amp;apos;DESKTOP-QNHHQU3&amp;apos;, ip: &amp;apos;192.168.137.1&amp;apos;, os.name: &amp;apos;Windows 10&amp;apos;, os.arch: &amp;apos;amd64&amp;apos;, os.version: &amp;apos;10.0&amp;apos;, java.version: &amp;apos;1.8.0_231&amp;apos;
Driver info: driver.version: ChromeDriver
remote stacktrace: Backtrace:
	Ordinal0 [0x00E7A113+1548563]
	Ordinal0 [0x00DFDDA1+1039777]
	Ordinal0 [0x00D7E485+517253]
	Ordinal0 [0x00D0CB4B+52043]
	Ordinal0 [0x00D2B797+178071]
	Ordinal0 [0x00D2B59D+177565]
	Ordinal0 [0x00D295FB+169467]
	Ordinal0 [0x00D1160A+71178]
	Ordinal0 [0x00D12690+75408]
	Ordinal0 [0x00D12629+75305]
	Ordinal0 [0x00E171B7+1143223]
	GetHandleVerifier [0x00F12B46+507814]
	GetHandleVerifier [0x00F12864+507076]
	GetHandleVerifier [0x00F19F47+537511]
	GetHandleVerifier [0x00F13402+510050]
	Ordinal0 [0x00E0F29C+1110684]
	Ordinal0 [0x00E1938B+1151883]
	Ordinal0 [0x00E194F3+1152243]
	Ordinal0 [0x00E183F5+1147893]
	BaseThreadInitThunk [0x769F6359+25]
	RtlGetAppContainerNamedObjectPath [0x775F7B74+228]
	RtlGetAppContainerNamedObjectPath [0x775F7B44+180]
">
      <![CDATA[org.openqa.selenium.InvalidArgumentException: invalid argument: user data directory is already in use, please specify a unique value for --user-data-dir argument, or don't use --user-data-dir
Build info: version: '3.141.59', revision: 'e82be7d358', time: '2018-11-14T08:17:03'
System info: host: 'DESKTOP-QNHHQU3', ip: '192.168.137.1', os.name: 'Windows 10', os.arch: 'amd64', os.version: '10.0', java.version: '1.8.0_231'
Driver info: driver.version: ChromeDriver
remote stacktrace: Backtrace:
	Ordinal0 [0x00E7A113+1548563]
	Ordinal0 [0x00DFDDA1+1039777]
	Ordinal0 [0x00D7E485+517253]
	Ordinal0 [0x00D0CB4B+52043]
	Ordinal0 [0x00D2B797+178071]
	Ordinal0 [0x00D2B59D+177565]
	Ordinal0 [0x00D295FB+169467]
	Ordinal0 [0x00D1160A+71178]
	Ordinal0 [0x00D12690+75408]
	Ordinal0 [0x00D12629+75305]
	Ordinal0 [0x00E171B7+1143223]
	GetHandleVerifier [0x00F12B46+507814]
	GetHandleVerifier [0x00F12864+507076]
	GetHandleVerifier [0x00F19F47+537511]
	GetHandleVerifier [0x00F13402+510050]
	Ordinal0 [0x00E0F29C+1110684]
	Ordinal0 [0x00E1938B+1151883]
	Ordinal0 [0x00E194F3+1152243]
	Ordinal0 [0x00E183F5+1147893]
	BaseThreadInitThunk [0x769F6359+25]
	RtlGetAppContainerNamedObjectPath [0x775F7B74+228]
	RtlGetAppContainerNamedObjectPath [0x775F7B44+180]

	at org.openqa.selenium.remote.W3CHandshakeResponse.lambda$errorHandler$0(W3CHandshakeResponse.java:62)
	at org.openqa.selenium.remote.HandshakeResponse.lambda$getResponseFunction$0(HandshakeResponse.java:30)
	at org.openqa.selenium.remote.ProtocolHandshake.lambda$createSession$0(ProtocolHandshake.java:126)
	at java.util.stream.ReferencePipeline$3$1.accept(Unknown Source)
	at java.util.Spliterators$ArraySpliterator.tryAdvance(Unknown Source)
	at java.util.stream.ReferencePipeline.forEachWithCancel(Unknown Source)
	at java.util.stream.AbstractPipeline.copyIntoWithCancel(Unknown Source)
	at java.util.stream.AbstractPipeline.copyInto(Unknown Source)
	at java.util.stream.AbstractPipeline.wrapAndCopyInto(Unknown Source)
	at java.util.stream.FindOps$FindOp.evaluateSequential(Unknown Source)
	at java.util.stream.AbstractPipeline.evaluate(Unknown Source)
	at java.util.stream.ReferencePipeline.findFirst(Unknown Source)
	at org.openqa.selenium.remote.ProtocolHandshake.createSession(ProtocolHandshake.java:128)
	at org.openqa.selenium.remote.ProtocolHandshake.createSession(ProtocolHandshake.java:74)
	at org.openqa.selenium.remote.HttpCommandExecutor.execute(HttpCommandExecutor.java:136)
	at org.openqa.selenium.remote.service.DriverCommandExecutor.execute(DriverCommandExecutor.java:83)
	at org.openqa.selenium.remote.RemoteWebDriver.execute(RemoteWebDriver.java:552)
	at org.openqa.selenium.remote.RemoteWebDriver.startSession(RemoteWebDriver.java:213)
	at org.openqa.selenium.remote.RemoteWebDriver.<init>(RemoteWebDriver.java:131)
	at org.openqa.selenium.chrome.ChromeDriver.<init>(ChromeDriver.java:181)
	at org.openqa.selenium.chrome.ChromeDriver.<init>(ChromeDriver.java:168)
	at org.openqa.selenium.chrome.ChromeDriver.<init>(ChromeDriver.java:157)
	at com.project.samplemvnproject.BaseTest.launch(BaseTest.java:53)
	at com.project.samplemvnproject.RadioButton1.beforeMethod(RadioButton1.java:25)
	at java.util.concurrent.FutureTask.run(Unknown Source)
	at java.util.concurrent.ThreadPoolExecutor.runWorker(Unknown Source)
	at java.util.concurrent.ThreadPoolExecutor$Worker.run(Unknown Source)
	at java.lang.Thread.run(Unknown Source)
... Removed 22 stack frames]]>
		</failure>
	</testcase> <!-- @BeforeMethod beforeMethod -->
	<testcase name="@AfterMethod afterMethod" time="0.0"
		classname="com.project.samplemvnproject.RadioButton1">
		<skipped />
	</testcase> <!-- @AfterMethod afterMethod -->
	<testcase name="@BeforeMethod beforeMethod" time="0.0"
		classname="com.project.samplemvnproject.CheckBox1">
		<failure type="org.openqa.selenium.InvalidArgumentException"
			message="invalid argument: user data directory is already in use, please specify a unique value for --user-data-dir argument, or don&amp;apos;t use --user-data-dir
Build info: version: &amp;apos;3.141.59&amp;apos;, revision: &amp;apos;e82be7d358&amp;apos;, time: &amp;apos;2018-11-14T08:17:03&amp;apos;
System info: host: &amp;apos;DESKTOP-QNHHQU3&amp;apos;, ip: &amp;apos;192.168.137.1&amp;apos;, os.name: &amp;apos;Windows 10&amp;apos;, os.arch: &amp;apos;amd64&amp;apos;, os.version: &amp;apos;10.0&amp;apos;, java.version: &amp;apos;1.8.0_231&amp;apos;
Driver info: driver.version: ChromeDriver
remote stacktrace: Backtrace:
	Ordinal0 [0x00E7A113+1548563]
	Ordinal0 [0x00DFDDA1+1039777]
	Ordinal0 [0x00D7E485+517253]
	Ordinal0 [0x00D0CB4B+52043]
	Ordinal0 [0x00D2B797+178071]
	Ordinal0 [0x00D2B59D+177565]
	Ordinal0 [0x00D295FB+169467]
	Ordinal0 [0x00D1160A+71178]
	Ordinal0 [0x00D12690+75408]
	Ordinal0 [0x00D12629+75305]
	Ordinal0 [0x00E171B7+1143223]
	GetHandleVerifier [0x00F12B46+507814]
	GetHandleVerifier [0x00F12864+507076]
	GetHandleVerifier [0x00F19F47+537511]
	GetHandleVerifier [0x00F13402+510050]
	Ordinal0 [0x00E0F29C+1110684]
	Ordinal0 [0x00E1938B+1151883]
	Ordinal0 [0x00E194F3+1152243]
	Ordinal0 [0x00E183F5+1147893]
	BaseThreadInitThunk [0x769F6359+25]
	RtlGetAppContainerNamedObjectPath [0x775F7B74+228]
	RtlGetAppContainerNamedObjectPath [0x775F7B44+180]
">
      <![CDATA[org.openqa.selenium.InvalidArgumentException: invalid argument: user data directory is already in use, please specify a unique value for --user-data-dir argument, or don't use --user-data-dir
Build info: version: '3.141.59', revision: 'e82be7d358', time: '2018-11-14T08:17:03'
System info: host: 'DESKTOP-QNHHQU3', ip: '192.168.137.1', os.name: 'Windows 10', os.arch: 'amd64', os.version: '10.0', java.version: '1.8.0_231'
Driver info: driver.version: ChromeDriver
remote stacktrace: Backtrace:
	Ordinal0 [0x00E7A113+1548563]
	Ordinal0 [0x00DFDDA1+1039777]
	Ordinal0 [0x00D7E485+517253]
	Ordinal0 [0x00D0CB4B+52043]
	Ordinal0 [0x00D2B797+178071]
	Ordinal0 [0x00D2B59D+177565]
	Ordinal0 [0x00D295FB+169467]
	Ordinal0 [0x00D1160A+71178]
	Ordinal0 [0x00D12690+75408]
	Ordinal0 [0x00D12629+75305]
	Ordinal0 [0x00E171B7+1143223]
	GetHandleVerifier [0x00F12B46+507814]
	GetHandleVerifier [0x00F12864+507076]
	GetHandleVerifier [0x00F19F47+537511]
	GetHandleVerifier [0x00F13402+510050]
	Ordinal0 [0x00E0F29C+1110684]
	Ordinal0 [0x00E1938B+1151883]
	Ordinal0 [0x00E194F3+1152243]
	Ordinal0 [0x00E183F5+1147893]
	BaseThreadInitThunk [0x769F6359+25]
	RtlGetAppContainerNamedObjectPath [0x775F7B74+228]
	RtlGetAppContainerNamedObjectPath [0x775F7B44+180]

	at org.openqa.selenium.remote.W3CHandshakeResponse.lambda$errorHandler$0(W3CHandshakeResponse.java:62)
	at org.openqa.selenium.remote.HandshakeResponse.lambda$getResponseFunction$0(HandshakeResponse.java:30)
	at org.openqa.selenium.remote.ProtocolHandshake.lambda$createSession$0(ProtocolHandshake.java:126)
	at java.util.stream.ReferencePipeline$3$1.accept(Unknown Source)
	at java.util.Spliterators$ArraySpliterator.tryAdvance(Unknown Source)
	at java.util.stream.ReferencePipeline.forEachWithCancel(Unknown Source)
	at java.util.stream.AbstractPipeline.copyIntoWithCancel(Unknown Source)
	at java.util.stream.AbstractPipeline.copyInto(Unknown Source)
	at java.util.stream.AbstractPipeline.wrapAndCopyInto(Unknown Source)
	at java.util.stream.FindOps$FindOp.evaluateSequential(Unknown Source)
	at java.util.stream.AbstractPipeline.evaluate(Unknown Source)
	at java.util.stream.ReferencePipeline.findFirst(Unknown Source)
	at org.openqa.selenium.remote.ProtocolHandshake.createSession(ProtocolHandshake.java:128)
	at org.openqa.selenium.remote.ProtocolHandshake.createSession(ProtocolHandshake.java:74)
	at org.openqa.selenium.remote.HttpCommandExecutor.execute(HttpCommandExecutor.java:136)
	at org.openqa.selenium.remote.service.DriverCommandExecutor.execute(DriverCommandExecutor.java:83)
	at org.openqa.selenium.remote.RemoteWebDriver.execute(RemoteWebDriver.java:552)
	at org.openqa.selenium.remote.RemoteWebDriver.startSession(RemoteWebDriver.java:213)
	at org.openqa.selenium.remote.RemoteWebDriver.<init>(RemoteWebDriver.java:131)
	at org.openqa.selenium.chrome.ChromeDriver.<init>(ChromeDriver.java:181)
	at org.openqa.selenium.chrome.ChromeDriver.<init>(ChromeDriver.java:168)
	at org.openqa.selenium.chrome.ChromeDriver.<init>(ChromeDriver.java:157)
	at com.project.samplemvnproject.BaseTest.launch(BaseTest.java:53)
	at com.project.samplemvnproject.CheckBox1.beforeMethod(CheckBox1.java:27)
	at java.util.concurrent.FutureTask.run(Unknown Source)
	at java.util.concurrent.ThreadPoolExecutor.runWorker(Unknown Source)
	at java.util.concurrent.ThreadPoolExecutor$Worker.run(Unknown Source)
	at java.lang.Thread.run(Unknown Source)
... Removed 22 stack frames]]>
		</failure>
	</testcase> <!-- @BeforeMethod beforeMethod -->
	<testcase name="@AfterMethod afterMethod" time="0.0"
		classname="com.project.samplemvnproject.CheckBox1">
		<skipped />
	</testcase> <!-- @AfterMethod afterMethod -->
	<testcase name="@BeforeMethod startProcess" time="0.0"
		classname="com.project.samplemvnproject.TC001">
		<failure type="org.openqa.selenium.InvalidArgumentException"
			message="invalid argument: user data directory is already in use, please specify a unique value for --user-data-dir argument, or don&amp;apos;t use --user-data-dir
Build info: version: &amp;apos;3.141.59&amp;apos;, revision: &amp;apos;e82be7d358&amp;apos;, time: &amp;apos;2018-11-14T08:17:03&amp;apos;
System info: host: &amp;apos;DESKTOP-QNHHQU3&amp;apos;, ip: &amp;apos;192.168.137.1&amp;apos;, os.name: &amp;apos;Windows 10&amp;apos;, os.arch: &amp;apos;amd64&amp;apos;, os.version: &amp;apos;10.0&amp;apos;, java.version: &amp;apos;1.8.0_231&amp;apos;
Driver info: driver.version: ChromeDriver
remote stacktrace: Backtrace:
	Ordinal0 [0x00E7A113+1548563]
	Ordinal0 [0x00DFDDA1+1039777]
	Ordinal0 [0x00D7E485+517253]
	Ordinal0 [0x00D0CB4B+52043]
	Ordinal0 [0x00D2B797+178071]
	Ordinal0 [0x00D2B59D+177565]
	Ordinal0 [0x00D295FB+169467]
	Ordinal0 [0x00D1160A+71178]
	Ordinal0 [0x00D12690+75408]
	Ordinal0 [0x00D12629+75305]
	Ordinal0 [0x00E171B7+1143223]
	GetHandleVerifier [0x00F12B46+507814]
	GetHandleVerifier [0x00F12864+507076]
	GetHandleVerifier [0x00F19F47+537511]
	GetHandleVerifier [0x00F13402+510050]
	Ordinal0 [0x00E0F29C+1110684]
	Ordinal0 [0x00E1938B+1151883]
	Ordinal0 [0x00E194F3+1152243]
	Ordinal0 [0x00E183F5+1147893]
	BaseThreadInitThunk [0x769F6359+25]
	RtlGetAppContainerNamedObjectPath [0x775F7B74+228]
	RtlGetAppContainerNamedObjectPath [0x775F7B44+180]
">
      <![CDATA[org.openqa.selenium.InvalidArgumentException: invalid argument: user data directory is already in use, please specify a unique value for --user-data-dir argument, or don't use --user-data-dir
Build info: version: '3.141.59', revision: 'e82be7d358', time: '2018-11-14T08:17:03'
System info: host: 'DESKTOP-QNHHQU3', ip: '192.168.137.1', os.name: 'Windows 10', os.arch: 'amd64', os.version: '10.0', java.version: '1.8.0_231'
Driver info: driver.version: ChromeDriver
remote stacktrace: Backtrace:
	Ordinal0 [0x00E7A113+1548563]
	Ordinal0 [0x00DFDDA1+1039777]
	Ordinal0 [0x00D7E485+517253]
	Ordinal0 [0x00D0CB4B+52043]
	Ordinal0 [0x00D2B797+178071]
	Ordinal0 [0x00D2B59D+177565]
	Ordinal0 [0x00D295FB+169467]
	Ordinal0 [0x00D1160A+71178]
	Ordinal0 [0x00D12690+75408]
	Ordinal0 [0x00D12629+75305]
	Ordinal0 [0x00E171B7+1143223]
	GetHandleVerifier [0x00F12B46+507814]
	GetHandleVerifier [0x00F12864+507076]
	GetHandleVerifier [0x00F19F47+537511]
	GetHandleVerifier [0x00F13402+510050]
	Ordinal0 [0x00E0F29C+1110684]
	Ordinal0 [0x00E1938B+1151883]
	Ordinal0 [0x00E194F3+1152243]
	Ordinal0 [0x00E183F5+1147893]
	BaseThreadInitThunk [0x769F6359+25]
	RtlGetAppContainerNamedObjectPath [0x775F7B74+228]
	RtlGetAppContainerNamedObjectPath [0x775F7B44+180]

	at org.openqa.selenium.remote.W3CHandshakeResponse.lambda$errorHandler$0(W3CHandshakeResponse.java:62)
	at org.openqa.selenium.remote.HandshakeResponse.lambda$getResponseFunction$0(HandshakeResponse.java:30)
	at org.openqa.selenium.remote.ProtocolHandshake.lambda$createSession$0(ProtocolHandshake.java:126)
	at java.util.stream.ReferencePipeline$3$1.accept(Unknown Source)
	at java.util.Spliterators$ArraySpliterator.tryAdvance(Unknown Source)
	at java.util.stream.ReferencePipeline.forEachWithCancel(Unknown Source)
	at java.util.stream.AbstractPipeline.copyIntoWithCancel(Unknown Source)
	at java.util.stream.AbstractPipeline.copyInto(Unknown Source)
	at java.util.stream.AbstractPipeline.wrapAndCopyInto(Unknown Source)
	at java.util.stream.FindOps$FindOp.evaluateSequential(Unknown Source)
	at java.util.stream.AbstractPipeline.evaluate(Unknown Source)
	at java.util.stream.ReferencePipeline.findFirst(Unknown Source)
	at org.openqa.selenium.remote.ProtocolHandshake.createSession(ProtocolHandshake.java:128)
	at org.openqa.selenium.remote.ProtocolHandshake.createSession(ProtocolHandshake.java:74)
	at org.openqa.selenium.remote.HttpCommandExecutor.execute(HttpCommandExecutor.java:136)
	at org.openqa.selenium.remote.service.DriverCommandExecutor.execute(DriverCommandExecutor.java:83)
	at org.openqa.selenium.remote.RemoteWebDriver.execute(RemoteWebDriver.java:552)
	at org.openqa.selenium.remote.RemoteWebDriver.startSession(RemoteWebDriver.java:213)
	at org.openqa.selenium.remote.RemoteWebDriver.<init>(RemoteWebDriver.java:131)
	at org.openqa.selenium.chrome.ChromeDriver.<init>(ChromeDriver.java:181)
	at org.openqa.selenium.chrome.ChromeDriver.<init>(ChromeDriver.java:168)
	at org.openqa.selenium.chrome.ChromeDriver.<init>(ChromeDriver.java:157)
	at com.project.samplemvnproject.BaseTest.launch(BaseTest.java:53)
	at com.project.samplemvnproject.TC001.startProcess(TC001.java:23)
	at java.util.concurrent.FutureTask.run(Unknown Source)
	at java.util.concurrent.ThreadPoolExecutor.runWorker(Unknown Source)
	at java.util.concurrent.ThreadPoolExecutor$Worker.run(Unknown Source)
	at java.lang.Thread.run(Unknown Source)
... Removed 22 stack frames]]>
		</failure>
	</testcase> <!-- @BeforeMethod startProcess -->
	<testcase name="@AfterMethod endProcess" time="0.0"
		classname="com.project.samplemvnproject.TC001">
		<skipped />
	</testcase> <!-- @AfterMethod endProcess -->
	<testcase name="linktesting1" time="5.909"
		classname="com.project.samplemvnproject.LinksTesting1">
		<failure type="org.openqa.selenium.NoSuchSessionException"
			message="Tried to run command without establishing a connection
Build info: version: &amp;apos;3.141.59&amp;apos;, revision: &amp;apos;e82be7d358&amp;apos;, time: &amp;apos;2018-11-14T08:17:03&amp;apos;
System info: host: &amp;apos;DESKTOP-QNHHQU3&amp;apos;, ip: &amp;apos;192.168.137.1&amp;apos;, os.name: &amp;apos;Windows 10&amp;apos;, os.arch: &amp;apos;amd64&amp;apos;, os.version: &amp;apos;10.0&amp;apos;, java.version: &amp;apos;1.8.0_231&amp;apos;
Driver info: org.openqa.selenium.firefox.FirefoxDriver
Capabilities {acceptInsecureCerts: true, browserName: firefox, browserVersion: 71.0, javascriptEnabled: true, moz:accessibilityChecks: false, moz:buildID: 20191202093317, moz:geckodriverVersion: 0.26.0, moz:headless: false, moz:processID: 5332, moz:profile: C:\Users\aravi\AppData\Loca..., moz:shutdownTimeout: 60000, moz:useNonSpecCompliantPointerOrigin: false, moz:webdriverClick: true, pageLoadStrategy: normal, platform: WINDOWS, platformName: WINDOWS, platformVersion: 10.0, rotatable: false, setWindowRect: true, strictFileInteractability: false, timeouts: {implicit: 0, pageLoad: 300000, script: 30000}, unhandledPromptBehavior: dismiss and notify}
Session ID: 6434428b-48a9-466a-8c33-3cd15bc4de05
*** Element info: {Using=link text, value=Images}">
      <![CDATA[org.openqa.selenium.NoSuchSessionException: Tried to run command without establishing a connection
Build info: version: '3.141.59', revision: 'e82be7d358', time: '2018-11-14T08:17:03'
System info: host: 'DESKTOP-QNHHQU3', ip: '192.168.137.1', os.name: 'Windows 10', os.arch: 'amd64', os.version: '10.0', java.version: '1.8.0_231'
Driver info: org.openqa.selenium.firefox.FirefoxDriver
Capabilities {acceptInsecureCerts: true, browserName: firefox, browserVersion: 71.0, javascriptEnabled: true, moz:accessibilityChecks: false, moz:buildID: 20191202093317, moz:geckodriverVersion: 0.26.0, moz:headless: false, moz:processID: 5332, moz:profile: C:\Users\aravi\AppData\Loca..., moz:shutdownTimeout: 60000, moz:useNonSpecCompliantPointerOrigin: false, moz:webdriverClick: true, pageLoadStrategy: normal, platform: WINDOWS, platformName: WINDOWS, platformVersion: 10.0, rotatable: false, setWindowRect: true, strictFileInteractability: false, timeouts: {implicit: 0, pageLoad: 300000, script: 30000}, unhandledPromptBehavior: dismiss and notify}
Session ID: 6434428b-48a9-466a-8c33-3cd15bc4de05
*** Element info: {Using=link text, value=Images}
	at org.openqa.selenium.remote.http.W3CHttpResponseCodec.createException(W3CHttpResponseCodec.java:187)
	at org.openqa.selenium.remote.http.W3CHttpResponseCodec.decode(W3CHttpResponseCodec.java:122)
	at org.openqa.selenium.remote.http.W3CHttpResponseCodec.decode(W3CHttpResponseCodec.java:49)
	at org.openqa.selenium.remote.HttpCommandExecutor.execute(HttpCommandExecutor.java:158)
	at org.openqa.selenium.remote.service.DriverCommandExecutor.execute(DriverCommandExecutor.java:83)
	at org.openqa.selenium.remote.RemoteWebDriver.execute(RemoteWebDriver.java:552)
	at org.openqa.selenium.remote.RemoteWebDriver.findElement(RemoteWebDriver.java:323)
	at org.openqa.selenium.remote.RemoteWebDriver.findElementByLinkText(RemoteWebDriver.java:380)
	at org.openqa.selenium.By$ByLinkText.findElement(By.java:220)
	at org.openqa.selenium.remote.RemoteWebDriver.findElement(RemoteWebDriver.java:315)
	at com.project.samplemvnproject.LinksTesting1.linktesting1(LinksTesting1.java:39)
	at java.util.concurrent.FutureTask.run(Unknown Source)
	at java.util.concurrent.ThreadPoolExecutor.runWorker(Unknown Source)
	at java.util.concurrent.ThreadPoolExecutor$Worker.run(Unknown Source)
	at java.lang.Thread.run(Unknown Source)
... Removed 20 stack frames]]>
		</failure>
	</testcase> <!-- linktesting1 -->
	<testcase name="checkboxTest" time="0.002"
		classname="com.project.samplemvnproject.RadioButton1">
		<skipped />
	</testcase> <!-- checkboxTest -->
	<testcase name="checkboxTest" time="0.002"
		classname="com.project.samplemvnproject.CheckBox1">
		<skipped />
	</testcase> <!-- checkboxTest -->
	<testcase name="amazon" time="0.003"
		classname="com.project.samplemvnproject.TC001">
		<skipped />
	</testcase> <!-- amazon -->
</testsuite> <!-- chrome -->
