<html>
<head>
<title>TestNG: firefox</title>
<link href="../testng.css" rel="stylesheet" type="text/css" />
<link href="../my-testng.css" rel="stylesheet" type="text/css" />

<style type="text/css">
.log {
	display: none;
}

.stack-trace {
	display: none;
}
</style>
<script type="text/javascript">
<!--
function flip(e) {
  current = e.style.display;
  if (current == 'block') {
    e.style.display = 'none';
    return 0;
  }
  else {
    e.style.display = 'block';
    return 1;
  }
}

function toggleBox(szDivId, elem, msg1, msg2)
{
  var res = -1;  if (document.getElementById) {
    res = flip(document.getElementById(szDivId));
  }
  else if (document.all) {
    // this is the way old msie versions work
    res = flip(document.all[szDivId]);
  }
  if(elem) {
    if(res == 0) elem.innerHTML = msg1; else elem.innerHTML = msg2;
  }

}

function toggleAllBoxes() {
  if (document.getElementsByTagName) {
    d = document.getElementsByTagName('div');
    for (i = 0; i < d.length; i++) {
      if (d[i].className == 'log') {
        flip(d[i]);
      }
    }
  }
}

// -->
</script>

</head>
<body>
	<h2 align='center'>firefox</h2>
	<table border='1' align="center">
		<tr>
			<td>Tests passed/Failed/Skipped:</td>
			<td>3/0/1</td>
		</tr>
		<tr>
			<td>Started on:</td>
			<td>Wed Jan 01 02:05:48 IST 2020</td>
		</tr>
		<tr>
			<td>Total time:</td>
			<td>117 seconds (117422 ms)</td>
		</tr>
		<tr>
			<td>Included groups:</td>
			<td></td>
		</tr>
		<tr>
			<td>Excluded groups:</td>
			<td></td>
		</tr>
	</table>
	<p />
	<small><i>(Hover the method name to see the test class
			name)</i></small>
	<p />
	<table width='100%' border='1' class='invocation-failed'>
		<tr>
			<td colspan='4' align='center'><b>FAILED CONFIGURATIONS</b></td>
		</tr>
		<tr>
			<td><b>Test method</b></td>
			<td width="30%"><b>Exception</b></td>
			<td width="10%"><b>Time (seconds)</b></td>
			<td><b>Instance</b></td>
		</tr>
		<tr>
			<td title='com.project.samplemvnproject.LinksTesting1.setup()'><b>setup</b><br>Test
				class: com.project.samplemvnproject.LinksTesting1<br>Parameters:
				firefox</td>
			<td><div>
					<pre>java.util.ConcurrentModificationException
	at java.util.ArrayList$Itr.checkForComodification(Unknown Source)
	at java.util.ArrayList$Itr.next(Unknown Source)
	at com.relevantcodes.extentreports.model.Test.trackLastRunStatus(Test.java:389)
	at com.relevantcodes.extentreports.ExtentTest.log(ExtentTest.java:102)
	at com.relevantcodes.extentreports.ExtentTest.log(ExtentTest.java:188)
	at com.project.samplemvnproject.LinksTesting1.setup(LinksTesting1.java:24)
	at java.util.concurrent.FutureTask.run(Unknown Source)
	at java.util.concurrent.ThreadPoolExecutor.runWorker(Unknown Source)
	at java.util.concurrent.ThreadPoolExecutor$Worker.run(Unknown Source)
	at java.lang.Thread.run(Unknown Source)
... Removed 18 stack frames</pre>
				</div>
				<a href='#'
				onClick='toggleBox("stack-trace997161361", this, "Click to show all stack frames", "Click to hide stack frames")'>Click
					to show all stack frames</a>
				<div class='stack-trace' id='stack-trace997161361'>
					<pre>java.util.ConcurrentModificationException
	at java.util.ArrayList$Itr.checkForComodification(Unknown Source)
	at java.util.ArrayList$Itr.next(Unknown Source)
	at com.relevantcodes.extentreports.model.Test.trackLastRunStatus(Test.java:389)
	at com.relevantcodes.extentreports.ExtentTest.log(ExtentTest.java:102)
	at com.relevantcodes.extentreports.ExtentTest.log(ExtentTest.java:188)
	at com.project.samplemvnproject.LinksTesting1.setup(LinksTesting1.java:24)
	at sun.reflect.NativeMethodAccessorImpl.invoke0(Native Method)
	at sun.reflect.NativeMethodAccessorImpl.invoke(Unknown Source)
	at sun.reflect.DelegatingMethodAccessorImpl.invoke(Unknown Source)
	at java.lang.reflect.Method.invoke(Unknown Source)
	at org.testng.internal.MethodInvocationHelper.invokeMethod(MethodInvocationHelper.java:104)
	at org.testng.internal.Invoker.invokeConfigurationMethod(Invoker.java:515)
	at org.testng.internal.Invoker.invokeConfigurations(Invoker.java:217)
	at org.testng.internal.Invoker.invokeMethod(Invoker.java:590)
	at org.testng.internal.Invoker.invokeTestMethod(Invoker.java:851)
	at org.testng.internal.Invoker.invokeTestMethods(Invoker.java:1177)
	at org.testng.internal.TestMethodWorker.invokeTestMethods(TestMethodWorker.java:129)
	at org.testng.internal.TestMethodWorker.run(TestMethodWorker.java:112)
	at org.testng.TestRunner.privateRun(TestRunner.java:756)
	at org.testng.TestRunner.run(TestRunner.java:610)
	at org.testng.SuiteRunner.runTest(SuiteRunner.java:387)
	at org.testng.SuiteRunner.access$000(SuiteRunner.java:39)
	at org.testng.SuiteRunner$SuiteWorker.run(SuiteRunner.java:421)
	at org.testng.internal.thread.ThreadUtil$2.call(ThreadUtil.java:64)
	at java.util.concurrent.FutureTask.run(Unknown Source)
	at java.util.concurrent.ThreadPoolExecutor.runWorker(Unknown Source)
	at java.util.concurrent.ThreadPoolExecutor$Worker.run(Unknown Source)
	at java.lang.Thread.run(Unknown Source)
</pre>
				</div></td>
			<td>0</td>
			<td>com.project.samplemvnproject.LinksTesting1@3dfc5fb8</td>
		</tr>
		<tr>
			<td title='com.project.samplemvnproject.RadioButton1.beforeMethod()'><b>beforeMethod</b><br>Test
				class: com.project.samplemvnproject.RadioButton1<br>Parameters:
				chrome</td>
			<td><div>
					<pre>org.openqa.selenium.InvalidArgumentException: invalid argument: user data directory is already in use, please specify a unique value for --user-data-dir argument, or don&apos;t use --user-data-dir
Build info: version: &apos;3.141.59&apos;, revision: &apos;e82be7d358&apos;, time: &apos;2018-11-14T08:17:03&apos;
System info: host: &apos;DESKTOP-QNHHQU3&apos;, ip: &apos;192.168.137.1&apos;, os.name: &apos;Windows 10&apos;, os.arch: &apos;amd64&apos;, os.version: &apos;10.0&apos;, java.version: &apos;1.8.0_231&apos;
Driver info: driver.version: ChromeDriver
remote stacktrace: Backtrace:
	Ordinal0 [0x00E7A113+1548563]
	Ordinal0 [0x00DFDDA1+1039777]
	Ordinal0 [0x00D7E485+517253]
	Ordinal0 [0x00D0CB4B+52043]
	Ordinal0 [0x00D2B797+178071]
	Ordinal0 [0x00D2B59D+177565]
	Ordinal0 [0x00D295FB+169467]
	Ordinal0 [0x00D1160A+71178]
	Ordinal0 [0x00D12690+75408]
	Ordinal0 [0x00D12629+75305]
	Ordinal0 [0x00E171B7+1143223]
	GetHandleVerifier [0x00F12B46+507814]
	GetHandleVerifier [0x00F12864+507076]
	GetHandleVerifier [0x00F19F47+537511]
	GetHandleVerifier [0x00F13402+510050]
	Ordinal0 [0x00E0F29C+1110684]
	Ordinal0 [0x00E1938B+1151883]
	Ordinal0 [0x00E194F3+1152243]
	Ordinal0 [0x00E183F5+1147893]
	BaseThreadInitThunk [0x769F6359+25]
	RtlGetAppContainerNamedObjectPath [0x775F7B74+228]
	RtlGetAppContainerNamedObjectPath [0x775F7B44+180]

	at org.openqa.selenium.remote.W3CHandshakeResponse.lambda$errorHandler$0(W3CHandshakeResponse.java:62)
	at org.openqa.selenium.remote.HandshakeResponse.lambda$getResponseFunction$0(HandshakeResponse.java:30)
	at org.openqa.selenium.remote.ProtocolHandshake.lambda$createSession$0(ProtocolHandshake.java:126)
	at java.util.stream.ReferencePipeline$3$1.accept(Unknown Source)
	at java.util.Spliterators$ArraySpliterator.tryAdvance(Unknown Source)
	at java.util.stream.ReferencePipeline.forEachWithCancel(Unknown Source)
	at java.util.stream.AbstractPipeline.copyIntoWithCancel(Unknown Source)
	at java.util.stream.AbstractPipeline.copyInto(Unknown Source)
	at java.util.stream.AbstractPipeline.wrapAndCopyInto(Unknown Source)
	at java.util.stream.FindOps$FindOp.evaluateSequential(Unknown Source)
	at java.util.stream.AbstractPipeline.evaluate(Unknown Source)
	at java.util.stream.ReferencePipeline.findFirst(Unknown Source)
	at org.openqa.selenium.remote.ProtocolHandshake.createSession(ProtocolHandshake.java:128)
	at org.openqa.selenium.remote.ProtocolHandshake.createSession(ProtocolHandshake.java:74)
	at org.openqa.selenium.remote.HttpCommandExecutor.execute(HttpCommandExecutor.java:136)
	at org.openqa.selenium.remote.service.DriverCommandExecutor.execute(DriverCommandExecutor.java:83)
	at org.openqa.selenium.remote.RemoteWebDriver.execute(RemoteWebDriver.java:552)
	at org.openqa.selenium.remote.RemoteWebDriver.startSession(RemoteWebDriver.java:213)
	at org.openqa.selenium.remote.RemoteWebDriver.&lt;init&gt;(RemoteWebDriver.java:131)
	at org.openqa.selenium.chrome.ChromeDriver.&lt;init&gt;(ChromeDriver.java:181)
	at org.openqa.selenium.chrome.ChromeDriver.&lt;init&gt;(ChromeDriver.java:168)
	at org.openqa.selenium.chrome.ChromeDriver.&lt;init&gt;(ChromeDriver.java:157)
	at com.project.samplemvnproject.BaseTest.launch(BaseTest.java:53)
	at com.project.samplemvnproject.RadioButton1.beforeMethod(RadioButton1.java:25)
	at java.util.concurrent.FutureTask.run(Unknown Source)
	at java.util.concurrent.ThreadPoolExecutor.runWorker(Unknown Source)
	at java.util.concurrent.ThreadPoolExecutor$Worker.run(Unknown Source)
	at java.lang.Thread.run(Unknown Source)
... Removed 22 stack frames</pre>
				</div>
				<a href='#'
				onClick='toggleBox("stack-trace163272127", this, "Click to show all stack frames", "Click to hide stack frames")'>Click
					to show all stack frames</a>
				<div class='stack-trace' id='stack-trace163272127'>
					<pre>org.openqa.selenium.InvalidArgumentException: invalid argument: user data directory is already in use, please specify a unique value for --user-data-dir argument, or don&apos;t use --user-data-dir
Build info: version: &apos;3.141.59&apos;, revision: &apos;e82be7d358&apos;, time: &apos;2018-11-14T08:17:03&apos;
System info: host: &apos;DESKTOP-QNHHQU3&apos;, ip: &apos;192.168.137.1&apos;, os.name: &apos;Windows 10&apos;, os.arch: &apos;amd64&apos;, os.version: &apos;10.0&apos;, java.version: &apos;1.8.0_231&apos;
Driver info: driver.version: ChromeDriver
remote stacktrace: Backtrace:
	Ordinal0 [0x00E7A113+1548563]
	Ordinal0 [0x00DFDDA1+1039777]
	Ordinal0 [0x00D7E485+517253]
	Ordinal0 [0x00D0CB4B+52043]
	Ordinal0 [0x00D2B797+178071]
	Ordinal0 [0x00D2B59D+177565]
	Ordinal0 [0x00D295FB+169467]
	Ordinal0 [0x00D1160A+71178]
	Ordinal0 [0x00D12690+75408]
	Ordinal0 [0x00D12629+75305]
	Ordinal0 [0x00E171B7+1143223]
	GetHandleVerifier [0x00F12B46+507814]
	GetHandleVerifier [0x00F12864+507076]
	GetHandleVerifier [0x00F19F47+537511]
	GetHandleVerifier [0x00F13402+510050]
	Ordinal0 [0x00E0F29C+1110684]
	Ordinal0 [0x00E1938B+1151883]
	Ordinal0 [0x00E194F3+1152243]
	Ordinal0 [0x00E183F5+1147893]
	BaseThreadInitThunk [0x769F6359+25]
	RtlGetAppContainerNamedObjectPath [0x775F7B74+228]
	RtlGetAppContainerNamedObjectPath [0x775F7B44+180]

	at sun.reflect.NativeConstructorAccessorImpl.newInstance0(Native Method)
	at sun.reflect.NativeConstructorAccessorImpl.newInstance(Unknown Source)
	at sun.reflect.DelegatingConstructorAccessorImpl.newInstance(Unknown Source)
	at java.lang.reflect.Constructor.newInstance(Unknown Source)
	at org.openqa.selenium.remote.W3CHandshakeResponse.lambda$errorHandler$0(W3CHandshakeResponse.java:62)
	at org.openqa.selenium.remote.HandshakeResponse.lambda$getResponseFunction$0(HandshakeResponse.java:30)
	at org.openqa.selenium.remote.ProtocolHandshake.lambda$createSession$0(ProtocolHandshake.java:126)
	at java.util.stream.ReferencePipeline$3$1.accept(Unknown Source)
	at java.util.Spliterators$ArraySpliterator.tryAdvance(Unknown Source)
	at java.util.stream.ReferencePipeline.forEachWithCancel(Unknown Source)
	at java.util.stream.AbstractPipeline.copyIntoWithCancel(Unknown Source)
	at java.util.stream.AbstractPipeline.copyInto(Unknown Source)
	at java.util.stream.AbstractPipeline.wrapAndCopyInto(Unknown Source)
	at java.util.stream.FindOps$FindOp.evaluateSequential(Unknown Source)
	at java.util.stream.AbstractPipeline.evaluate(Unknown Source)
	at java.util.stream.ReferencePipeline.findFirst(Unknown Source)
	at org.openqa.selenium.remote.ProtocolHandshake.createSession(ProtocolHandshake.java:128)
	at org.openqa.selenium.remote.ProtocolHandshake.createSession(ProtocolHandshake.java:74)
	at org.openqa.selenium.remote.HttpCommandExecutor.execute(HttpCommandExecutor.java:136)
	at org.openqa.selenium.remote.service.DriverCommandExecutor.execute(DriverCommandExecutor.java:83)
	at org.openqa.selenium.remote.RemoteWebDriver.execute(RemoteWebDriver.java:552)
	at org.openqa.selenium.remote.RemoteWebDriver.startSession(RemoteWebDriver.java:213)
	at org.openqa.selenium.remote.RemoteWebDriver.&lt;init&gt;(RemoteWebDriver.java:131)
	at org.openqa.selenium.chrome.ChromeDriver.&lt;init&gt;(ChromeDriver.java:181)
	at org.openqa.selenium.chrome.ChromeDriver.&lt;init&gt;(ChromeDriver.java:168)
	at org.openqa.selenium.chrome.ChromeDriver.&lt;init&gt;(ChromeDriver.java:157)
	at com.project.samplemvnproject.BaseTest.launch(BaseTest.java:53)
	at com.project.samplemvnproject.RadioButton1.beforeMethod(RadioButton1.java:25)
	at sun.reflect.NativeMethodAccessorImpl.invoke0(Native Method)
	at sun.reflect.NativeMethodAccessorImpl.invoke(Unknown Source)
	at sun.reflect.DelegatingMethodAccessorImpl.invoke(Unknown Source)
	at java.lang.reflect.Method.invoke(Unknown Source)
	at org.testng.internal.MethodInvocationHelper.invokeMethod(MethodInvocationHelper.java:104)
	at org.testng.internal.Invoker.invokeConfigurationMethod(Invoker.java:515)
	at org.testng.internal.Invoker.invokeConfigurations(Invoker.java:217)
	at org.testng.internal.Invoker.invokeMethod(Invoker.java:590)
	at org.testng.internal.Invoker.invokeTestMethod(Invoker.java:851)
	at org.testng.internal.Invoker.invokeTestMethods(Invoker.java:1177)
	at org.testng.internal.TestMethodWorker.invokeTestMethods(TestMethodWorker.java:129)
	at org.testng.internal.TestMethodWorker.run(TestMethodWorker.java:112)
	at org.testng.TestRunner.privateRun(TestRunner.java:756)
	at org.testng.TestRunner.run(TestRunner.java:610)
	at org.testng.SuiteRunner.runTest(SuiteRunner.java:387)
	at org.testng.SuiteRunner.access$000(SuiteRunner.java:39)
	at org.testng.SuiteRunner$SuiteWorker.run(SuiteRunner.java:421)
	at org.testng.internal.thread.ThreadUtil$2.call(ThreadUtil.java:64)
	at java.util.concurrent.FutureTask.run(Unknown Source)
	at java.util.concurrent.ThreadPoolExecutor.runWorker(Unknown Source)
	at java.util.concurrent.ThreadPoolExecutor$Worker.run(Unknown Source)
	at java.lang.Thread.run(Unknown Source)
</pre>
				</div></td>
			<td>0</td>
			<td>com.project.samplemvnproject.RadioButton1@687080dc</td>
		</tr>
		<tr>
			<td title='com.project.samplemvnproject.CheckBox1.beforeMethod()'><b>beforeMethod</b><br>Test
				class: com.project.samplemvnproject.CheckBox1<br>Parameters:
				chrome</td>
			<td><div>
					<pre>org.openqa.selenium.InvalidArgumentException: invalid argument: user data directory is already in use, please specify a unique value for --user-data-dir argument, or don&apos;t use --user-data-dir
Build info: version: &apos;3.141.59&apos;, revision: &apos;e82be7d358&apos;, time: &apos;2018-11-14T08:17:03&apos;
System info: host: &apos;DESKTOP-QNHHQU3&apos;, ip: &apos;192.168.137.1&apos;, os.name: &apos;Windows 10&apos;, os.arch: &apos;amd64&apos;, os.version: &apos;10.0&apos;, java.version: &apos;1.8.0_231&apos;
Driver info: driver.version: ChromeDriver
remote stacktrace: Backtrace:
	Ordinal0 [0x00E7A113+1548563]
	Ordinal0 [0x00DFDDA1+1039777]
	Ordinal0 [0x00D7E485+517253]
	Ordinal0 [0x00D0CB4B+52043]
	Ordinal0 [0x00D2B797+178071]
	Ordinal0 [0x00D2B59D+177565]
	Ordinal0 [0x00D295FB+169467]
	Ordinal0 [0x00D1160A+71178]
	Ordinal0 [0x00D12690+75408]
	Ordinal0 [0x00D12629+75305]
	Ordinal0 [0x00E171B7+1143223]
	GetHandleVerifier [0x00F12B46+507814]
	GetHandleVerifier [0x00F12864+507076]
	GetHandleVerifier [0x00F19F47+537511]
	GetHandleVerifier [0x00F13402+510050]
	Ordinal0 [0x00E0F29C+1110684]
	Ordinal0 [0x00E1938B+1151883]
	Ordinal0 [0x00E194F3+1152243]
	Ordinal0 [0x00E183F5+1147893]
	BaseThreadInitThunk [0x769F6359+25]
	RtlGetAppContainerNamedObjectPath [0x775F7B74+228]
	RtlGetAppContainerNamedObjectPath [0x775F7B44+180]

	at org.openqa.selenium.remote.W3CHandshakeResponse.lambda$errorHandler$0(W3CHandshakeResponse.java:62)
	at org.openqa.selenium.remote.HandshakeResponse.lambda$getResponseFunction$0(HandshakeResponse.java:30)
	at org.openqa.selenium.remote.ProtocolHandshake.lambda$createSession$0(ProtocolHandshake.java:126)
	at java.util.stream.ReferencePipeline$3$1.accept(Unknown Source)
	at java.util.Spliterators$ArraySpliterator.tryAdvance(Unknown Source)
	at java.util.stream.ReferencePipeline.forEachWithCancel(Unknown Source)
	at java.util.stream.AbstractPipeline.copyIntoWithCancel(Unknown Source)
	at java.util.stream.AbstractPipeline.copyInto(Unknown Source)
	at java.util.stream.AbstractPipeline.wrapAndCopyInto(Unknown Source)
	at java.util.stream.FindOps$FindOp.evaluateSequential(Unknown Source)
	at java.util.stream.AbstractPipeline.evaluate(Unknown Source)
	at java.util.stream.ReferencePipeline.findFirst(Unknown Source)
	at org.openqa.selenium.remote.ProtocolHandshake.createSession(ProtocolHandshake.java:128)
	at org.openqa.selenium.remote.ProtocolHandshake.createSession(ProtocolHandshake.java:74)
	at org.openqa.selenium.remote.HttpCommandExecutor.execute(HttpCommandExecutor.java:136)
	at org.openqa.selenium.remote.service.DriverCommandExecutor.execute(DriverCommandExecutor.java:83)
	at org.openqa.selenium.remote.RemoteWebDriver.execute(RemoteWebDriver.java:552)
	at org.openqa.selenium.remote.RemoteWebDriver.startSession(RemoteWebDriver.java:213)
	at org.openqa.selenium.remote.RemoteWebDriver.&lt;init&gt;(RemoteWebDriver.java:131)
	at org.openqa.selenium.chrome.ChromeDriver.&lt;init&gt;(ChromeDriver.java:181)
	at org.openqa.selenium.chrome.ChromeDriver.&lt;init&gt;(ChromeDriver.java:168)
	at org.openqa.selenium.chrome.ChromeDriver.&lt;init&gt;(ChromeDriver.java:157)
	at com.project.samplemvnproject.BaseTest.launch(BaseTest.java:53)
	at com.project.samplemvnproject.CheckBox1.beforeMethod(CheckBox1.java:27)
	at java.util.concurrent.FutureTask.run(Unknown Source)
	at java.util.concurrent.ThreadPoolExecutor.runWorker(Unknown Source)
	at java.util.concurrent.ThreadPoolExecutor$Worker.run(Unknown Source)
	at java.lang.Thread.run(Unknown Source)
... Removed 22 stack frames</pre>
				</div>
				<a href='#'
				onClick='toggleBox("stack-trace1735348617", this, "Click to show all stack frames", "Click to hide stack frames")'>Click
					to show all stack frames</a>
				<div class='stack-trace' id='stack-trace1735348617'>
					<pre>org.openqa.selenium.InvalidArgumentException: invalid argument: user data directory is already in use, please specify a unique value for --user-data-dir argument, or don&apos;t use --user-data-dir
Build info: version: &apos;3.141.59&apos;, revision: &apos;e82be7d358&apos;, time: &apos;2018-11-14T08:17:03&apos;
System info: host: &apos;DESKTOP-QNHHQU3&apos;, ip: &apos;192.168.137.1&apos;, os.name: &apos;Windows 10&apos;, os.arch: &apos;amd64&apos;, os.version: &apos;10.0&apos;, java.version: &apos;1.8.0_231&apos;
Driver info: driver.version: ChromeDriver
remote stacktrace: Backtrace:
	Ordinal0 [0x00E7A113+1548563]
	Ordinal0 [0x00DFDDA1+1039777]
	Ordinal0 [0x00D7E485+517253]
	Ordinal0 [0x00D0CB4B+52043]
	Ordinal0 [0x00D2B797+178071]
	Ordinal0 [0x00D2B59D+177565]
	Ordinal0 [0x00D295FB+169467]
	Ordinal0 [0x00D1160A+71178]
	Ordinal0 [0x00D12690+75408]
	Ordinal0 [0x00D12629+75305]
	Ordinal0 [0x00E171B7+1143223]
	GetHandleVerifier [0x00F12B46+507814]
	GetHandleVerifier [0x00F12864+507076]
	GetHandleVerifier [0x00F19F47+537511]
	GetHandleVerifier [0x00F13402+510050]
	Ordinal0 [0x00E0F29C+1110684]
	Ordinal0 [0x00E1938B+1151883]
	Ordinal0 [0x00E194F3+1152243]
	Ordinal0 [0x00E183F5+1147893]
	BaseThreadInitThunk [0x769F6359+25]
	RtlGetAppContainerNamedObjectPath [0x775F7B74+228]
	RtlGetAppContainerNamedObjectPath [0x775F7B44+180]

	at sun.reflect.NativeConstructorAccessorImpl.newInstance0(Native Method)
	at sun.reflect.NativeConstructorAccessorImpl.newInstance(Unknown Source)
	at sun.reflect.DelegatingConstructorAccessorImpl.newInstance(Unknown Source)
	at java.lang.reflect.Constructor.newInstance(Unknown Source)
	at org.openqa.selenium.remote.W3CHandshakeResponse.lambda$errorHandler$0(W3CHandshakeResponse.java:62)
	at org.openqa.selenium.remote.HandshakeResponse.lambda$getResponseFunction$0(HandshakeResponse.java:30)
	at org.openqa.selenium.remote.ProtocolHandshake.lambda$createSession$0(ProtocolHandshake.java:126)
	at java.util.stream.ReferencePipeline$3$1.accept(Unknown Source)
	at java.util.Spliterators$ArraySpliterator.tryAdvance(Unknown Source)
	at java.util.stream.ReferencePipeline.forEachWithCancel(Unknown Source)
	at java.util.stream.AbstractPipeline.copyIntoWithCancel(Unknown Source)
	at java.util.stream.AbstractPipeline.copyInto(Unknown Source)
	at java.util.stream.AbstractPipeline.wrapAndCopyInto(Unknown Source)
	at java.util.stream.FindOps$FindOp.evaluateSequential(Unknown Source)
	at java.util.stream.AbstractPipeline.evaluate(Unknown Source)
	at java.util.stream.ReferencePipeline.findFirst(Unknown Source)
	at org.openqa.selenium.remote.ProtocolHandshake.createSession(ProtocolHandshake.java:128)
	at org.openqa.selenium.remote.ProtocolHandshake.createSession(ProtocolHandshake.java:74)
	at org.openqa.selenium.remote.HttpCommandExecutor.execute(HttpCommandExecutor.java:136)
	at org.openqa.selenium.remote.service.DriverCommandExecutor.execute(DriverCommandExecutor.java:83)
	at org.openqa.selenium.remote.RemoteWebDriver.execute(RemoteWebDriver.java:552)
	at org.openqa.selenium.remote.RemoteWebDriver.startSession(RemoteWebDriver.java:213)
	at org.openqa.selenium.remote.RemoteWebDriver.&lt;init&gt;(RemoteWebDriver.java:131)
	at org.openqa.selenium.chrome.ChromeDriver.&lt;init&gt;(ChromeDriver.java:181)
	at org.openqa.selenium.chrome.ChromeDriver.&lt;init&gt;(ChromeDriver.java:168)
	at org.openqa.selenium.chrome.ChromeDriver.&lt;init&gt;(ChromeDriver.java:157)
	at com.project.samplemvnproject.BaseTest.launch(BaseTest.java:53)
	at com.project.samplemvnproject.CheckBox1.beforeMethod(CheckBox1.java:27)
	at sun.reflect.NativeMethodAccessorImpl.invoke0(Native Method)
	at sun.reflect.NativeMethodAccessorImpl.invoke(Unknown Source)
	at sun.reflect.DelegatingMethodAccessorImpl.invoke(Unknown Source)
	at java.lang.reflect.Method.invoke(Unknown Source)
	at org.testng.internal.MethodInvocationHelper.invokeMethod(MethodInvocationHelper.java:104)
	at org.testng.internal.Invoker.invokeConfigurationMethod(Invoker.java:515)
	at org.testng.internal.Invoker.invokeConfigurations(Invoker.java:217)
	at org.testng.internal.Invoker.invokeMethod(Invoker.java:590)
	at org.testng.internal.Invoker.invokeTestMethod(Invoker.java:851)
	at org.testng.internal.Invoker.invokeTestMethods(Invoker.java:1177)
	at org.testng.internal.TestMethodWorker.invokeTestMethods(TestMethodWorker.java:129)
	at org.testng.internal.TestMethodWorker.run(TestMethodWorker.java:112)
	at org.testng.TestRunner.privateRun(TestRunner.java:756)
	at org.testng.TestRunner.run(TestRunner.java:610)
	at org.testng.SuiteRunner.runTest(SuiteRunner.java:387)
	at org.testng.SuiteRunner.access$000(SuiteRunner.java:39)
	at org.testng.SuiteRunner$SuiteWorker.run(SuiteRunner.java:421)
	at org.testng.internal.thread.ThreadUtil$2.call(ThreadUtil.java:64)
	at java.util.concurrent.FutureTask.run(Unknown Source)
	at java.util.concurrent.ThreadPoolExecutor.runWorker(Unknown Source)
	at java.util.concurrent.ThreadPoolExecutor$Worker.run(Unknown Source)
	at java.lang.Thread.run(Unknown Source)
</pre>
				</div></td>
			<td>0</td>
			<td>com.project.samplemvnproject.CheckBox1@23d2a7e8</td>
		</tr>
		<tr>
			<td title='com.project.samplemvnproject.TC001.startProcess()'><b>startProcess</b><br>Test
				class: com.project.samplemvnproject.TC001<br>Parameters: chrome</td>
			<td><div>
					<pre>org.openqa.selenium.InvalidArgumentException: invalid argument: user data directory is already in use, please specify a unique value for --user-data-dir argument, or don&apos;t use --user-data-dir
Build info: version: &apos;3.141.59&apos;, revision: &apos;e82be7d358&apos;, time: &apos;2018-11-14T08:17:03&apos;
System info: host: &apos;DESKTOP-QNHHQU3&apos;, ip: &apos;192.168.137.1&apos;, os.name: &apos;Windows 10&apos;, os.arch: &apos;amd64&apos;, os.version: &apos;10.0&apos;, java.version: &apos;1.8.0_231&apos;
Driver info: driver.version: ChromeDriver
remote stacktrace: Backtrace:
	Ordinal0 [0x00E7A113+1548563]
	Ordinal0 [0x00DFDDA1+1039777]
	Ordinal0 [0x00D7E485+517253]
	Ordinal0 [0x00D0CB4B+52043]
	Ordinal0 [0x00D2B797+178071]
	Ordinal0 [0x00D2B59D+177565]
	Ordinal0 [0x00D295FB+169467]
	Ordinal0 [0x00D1160A+71178]
	Ordinal0 [0x00D12690+75408]
	Ordinal0 [0x00D12629+75305]
	Ordinal0 [0x00E171B7+1143223]
	GetHandleVerifier [0x00F12B46+507814]
	GetHandleVerifier [0x00F12864+507076]
	GetHandleVerifier [0x00F19F47+537511]
	GetHandleVerifier [0x00F13402+510050]
	Ordinal0 [0x00E0F29C+1110684]
	Ordinal0 [0x00E1938B+1151883]
	Ordinal0 [0x00E194F3+1152243]
	Ordinal0 [0x00E183F5+1147893]
	BaseThreadInitThunk [0x769F6359+25]
	RtlGetAppContainerNamedObjectPath [0x775F7B74+228]
	RtlGetAppContainerNamedObjectPath [0x775F7B44+180]

	at org.openqa.selenium.remote.W3CHandshakeResponse.lambda$errorHandler$0(W3CHandshakeResponse.java:62)
	at org.openqa.selenium.remote.HandshakeResponse.lambda$getResponseFunction$0(HandshakeResponse.java:30)
	at org.openqa.selenium.remote.ProtocolHandshake.lambda$createSession$0(ProtocolHandshake.java:126)
	at java.util.stream.ReferencePipeline$3$1.accept(Unknown Source)
	at java.util.Spliterators$ArraySpliterator.tryAdvance(Unknown Source)
	at java.util.stream.ReferencePipeline.forEachWithCancel(Unknown Source)
	at java.util.stream.AbstractPipeline.copyIntoWithCancel(Unknown Source)
	at java.util.stream.AbstractPipeline.copyInto(Unknown Source)
	at java.util.stream.AbstractPipeline.wrapAndCopyInto(Unknown Source)
	at java.util.stream.FindOps$FindOp.evaluateSequential(Unknown Source)
	at java.util.stream.AbstractPipeline.evaluate(Unknown Source)
	at java.util.stream.ReferencePipeline.findFirst(Unknown Source)
	at org.openqa.selenium.remote.ProtocolHandshake.createSession(ProtocolHandshake.java:128)
	at org.openqa.selenium.remote.ProtocolHandshake.createSession(ProtocolHandshake.java:74)
	at org.openqa.selenium.remote.HttpCommandExecutor.execute(HttpCommandExecutor.java:136)
	at org.openqa.selenium.remote.service.DriverCommandExecutor.execute(DriverCommandExecutor.java:83)
	at org.openqa.selenium.remote.RemoteWebDriver.execute(RemoteWebDriver.java:552)
	at org.openqa.selenium.remote.RemoteWebDriver.startSession(RemoteWebDriver.java:213)
	at org.openqa.selenium.remote.RemoteWebDriver.&lt;init&gt;(RemoteWebDriver.java:131)
	at org.openqa.selenium.chrome.ChromeDriver.&lt;init&gt;(ChromeDriver.java:181)
	at org.openqa.selenium.chrome.ChromeDriver.&lt;init&gt;(ChromeDriver.java:168)
	at org.openqa.selenium.chrome.ChromeDriver.&lt;init&gt;(ChromeDriver.java:157)
	at com.project.samplemvnproject.BaseTest.launch(BaseTest.java:53)
	at com.project.samplemvnproject.TC001.startProcess(TC001.java:23)
	at java.util.concurrent.FutureTask.run(Unknown Source)
	at java.util.concurrent.ThreadPoolExecutor.runWorker(Unknown Source)
	at java.util.concurrent.ThreadPoolExecutor$Worker.run(Unknown Source)
	at java.lang.Thread.run(Unknown Source)
... Removed 22 stack frames</pre>
				</div>
				<a href='#'
				onClick='toggleBox("stack-trace946502503", this, "Click to show all stack frames", "Click to hide stack frames")'>Click
					to show all stack frames</a>
				<div class='stack-trace' id='stack-trace946502503'>
					<pre>org.openqa.selenium.InvalidArgumentException: invalid argument: user data directory is already in use, please specify a unique value for --user-data-dir argument, or don&apos;t use --user-data-dir
Build info: version: &apos;3.141.59&apos;, revision: &apos;e82be7d358&apos;, time: &apos;2018-11-14T08:17:03&apos;
System info: host: &apos;DESKTOP-QNHHQU3&apos;, ip: &apos;192.168.137.1&apos;, os.name: &apos;Windows 10&apos;, os.arch: &apos;amd64&apos;, os.version: &apos;10.0&apos;, java.version: &apos;1.8.0_231&apos;
Driver info: driver.version: ChromeDriver
remote stacktrace: Backtrace:
	Ordinal0 [0x00E7A113+1548563]
	Ordinal0 [0x00DFDDA1+1039777]
	Ordinal0 [0x00D7E485+517253]
	Ordinal0 [0x00D0CB4B+52043]
	Ordinal0 [0x00D2B797+178071]
	Ordinal0 [0x00D2B59D+177565]
	Ordinal0 [0x00D295FB+169467]
	Ordinal0 [0x00D1160A+71178]
	Ordinal0 [0x00D12690+75408]
	Ordinal0 [0x00D12629+75305]
	Ordinal0 [0x00E171B7+1143223]
	GetHandleVerifier [0x00F12B46+507814]
	GetHandleVerifier [0x00F12864+507076]
	GetHandleVerifier [0x00F19F47+537511]
	GetHandleVerifier [0x00F13402+510050]
	Ordinal0 [0x00E0F29C+1110684]
	Ordinal0 [0x00E1938B+1151883]
	Ordinal0 [0x00E194F3+1152243]
	Ordinal0 [0x00E183F5+1147893]
	BaseThreadInitThunk [0x769F6359+25]
	RtlGetAppContainerNamedObjectPath [0x775F7B74+228]
	RtlGetAppContainerNamedObjectPath [0x775F7B44+180]

	at sun.reflect.NativeConstructorAccessorImpl.newInstance0(Native Method)
	at sun.reflect.NativeConstructorAccessorImpl.newInstance(Unknown Source)
	at sun.reflect.DelegatingConstructorAccessorImpl.newInstance(Unknown Source)
	at java.lang.reflect.Constructor.newInstance(Unknown Source)
	at org.openqa.selenium.remote.W3CHandshakeResponse.lambda$errorHandler$0(W3CHandshakeResponse.java:62)
	at org.openqa.selenium.remote.HandshakeResponse.lambda$getResponseFunction$0(HandshakeResponse.java:30)
	at org.openqa.selenium.remote.ProtocolHandshake.lambda$createSession$0(ProtocolHandshake.java:126)
	at java.util.stream.ReferencePipeline$3$1.accept(Unknown Source)
	at java.util.Spliterators$ArraySpliterator.tryAdvance(Unknown Source)
	at java.util.stream.ReferencePipeline.forEachWithCancel(Unknown Source)
	at java.util.stream.AbstractPipeline.copyIntoWithCancel(Unknown Source)
	at java.util.stream.AbstractPipeline.copyInto(Unknown Source)
	at java.util.stream.AbstractPipeline.wrapAndCopyInto(Unknown Source)
	at java.util.stream.FindOps$FindOp.evaluateSequential(Unknown Source)
	at java.util.stream.AbstractPipeline.evaluate(Unknown Source)
	at java.util.stream.ReferencePipeline.findFirst(Unknown Source)
	at org.openqa.selenium.remote.ProtocolHandshake.createSession(ProtocolHandshake.java:128)
	at org.openqa.selenium.remote.ProtocolHandshake.createSession(ProtocolHandshake.java:74)
	at org.openqa.selenium.remote.HttpCommandExecutor.execute(HttpCommandExecutor.java:136)
	at org.openqa.selenium.remote.service.DriverCommandExecutor.execute(DriverCommandExecutor.java:83)
	at org.openqa.selenium.remote.RemoteWebDriver.execute(RemoteWebDriver.java:552)
	at org.openqa.selenium.remote.RemoteWebDriver.startSession(RemoteWebDriver.java:213)
	at org.openqa.selenium.remote.RemoteWebDriver.&lt;init&gt;(RemoteWebDriver.java:131)
	at org.openqa.selenium.chrome.ChromeDriver.&lt;init&gt;(ChromeDriver.java:181)
	at org.openqa.selenium.chrome.ChromeDriver.&lt;init&gt;(ChromeDriver.java:168)
	at org.openqa.selenium.chrome.ChromeDriver.&lt;init&gt;(ChromeDriver.java:157)
	at com.project.samplemvnproject.BaseTest.launch(BaseTest.java:53)
	at com.project.samplemvnproject.TC001.startProcess(TC001.java:23)
	at sun.reflect.NativeMethodAccessorImpl.invoke0(Native Method)
	at sun.reflect.NativeMethodAccessorImpl.invoke(Unknown Source)
	at sun.reflect.DelegatingMethodAccessorImpl.invoke(Unknown Source)
	at java.lang.reflect.Method.invoke(Unknown Source)
	at org.testng.internal.MethodInvocationHelper.invokeMethod(MethodInvocationHelper.java:104)
	at org.testng.internal.Invoker.invokeConfigurationMethod(Invoker.java:515)
	at org.testng.internal.Invoker.invokeConfigurations(Invoker.java:217)
	at org.testng.internal.Invoker.invokeMethod(Invoker.java:590)
	at org.testng.internal.Invoker.invokeTestMethod(Invoker.java:851)
	at org.testng.internal.Invoker.invokeTestMethods(Invoker.java:1177)
	at org.testng.internal.TestMethodWorker.invokeTestMethods(TestMethodWorker.java:129)
	at org.testng.internal.TestMethodWorker.run(TestMethodWorker.java:112)
	at org.testng.TestRunner.privateRun(TestRunner.java:756)
	at org.testng.TestRunner.run(TestRunner.java:610)
	at org.testng.SuiteRunner.runTest(SuiteRunner.java:387)
	at org.testng.SuiteRunner.access$000(SuiteRunner.java:39)
	at org.testng.SuiteRunner$SuiteWorker.run(SuiteRunner.java:421)
	at org.testng.internal.thread.ThreadUtil$2.call(ThreadUtil.java:64)
	at java.util.concurrent.FutureTask.run(Unknown Source)
	at java.util.concurrent.ThreadPoolExecutor.runWorker(Unknown Source)
	at java.util.concurrent.ThreadPoolExecutor$Worker.run(Unknown Source)
	at java.lang.Thread.run(Unknown Source)
</pre>
				</div></td>
			<td>0</td>
			<td>com.project.samplemvnproject.TC001@7a9273a8</td>
		</tr>
		<tr>
			<td title='com.project.samplemvnproject.LinksTesting1.tearDown()'><b>tearDown</b><br>Test
				class: com.project.samplemvnproject.LinksTesting1</td>
			<td><div>
					<pre>org.openqa.selenium.WebDriverException: java.net.ConnectException: Failed to connect to localhost/0:0:0:0:0:0:0:1:26311
Build info: version: &apos;3.141.59&apos;, revision: &apos;e82be7d358&apos;, time: &apos;2018-11-14T08:17:03&apos;
System info: host: &apos;DESKTOP-QNHHQU3&apos;, ip: &apos;192.168.137.1&apos;, os.name: &apos;Windows 10&apos;, os.arch: &apos;amd64&apos;, os.version: &apos;10.0&apos;, java.version: &apos;1.8.0_231&apos;
Driver info: driver.version: RemoteWebDriver
	at org.openqa.selenium.remote.service.DriverCommandExecutor.execute(DriverCommandExecutor.java:92)
	at org.openqa.selenium.remote.RemoteWebDriver.execute(RemoteWebDriver.java:552)
	at org.openqa.selenium.remote.RemoteWebDriver.execute(RemoteWebDriver.java:609)
	at org.openqa.selenium.remote.RemoteWebDriver.quit(RemoteWebDriver.java:452)
	at com.project.samplemvnproject.LinksTesting1.tearDown(LinksTesting1.java:49)
	at java.util.concurrent.FutureTask.run(Unknown Source)
	at java.util.concurrent.ThreadPoolExecutor.runWorker(Unknown Source)
	at java.util.concurrent.ThreadPoolExecutor$Worker.run(Unknown Source)
	at java.lang.Thread.run(Unknown Source)
Caused by: java.net.ConnectException: Failed to connect to localhost/0:0:0:0:0:0:0:1:26311
	at okhttp3.internal.connection.RealConnection.connectSocket(RealConnection.java:247)
	at okhttp3.internal.connection.RealConnection.connect(RealConnection.java:165)
	at okhttp3.internal.connection.StreamAllocation.findConnection(StreamAllocation.java:257)
	at okhttp3.internal.connection.StreamAllocation.findHealthyConnection(StreamAllocation.java:135)
	at okhttp3.internal.connection.StreamAllocation.newStream(StreamAllocation.java:114)
	at okhttp3.internal.connection.ConnectInterceptor.intercept(ConnectInterceptor.java:42)
	at okhttp3.internal.http.RealInterceptorChain.proceed(RealInterceptorChain.java:147)
	at okhttp3.internal.http.RealInterceptorChain.proceed(RealInterceptorChain.java:121)
	at okhttp3.internal.cache.CacheInterceptor.intercept(CacheInterceptor.java:93)
	at okhttp3.internal.http.RealInterceptorChain.proceed(RealInterceptorChain.java:147)
	at okhttp3.internal.http.RealInterceptorChain.proceed(RealInterceptorChain.java:121)
	at okhttp3.internal.http.BridgeInterceptor.intercept(BridgeInterceptor.java:93)
	at okhttp3.internal.http.RealInterceptorChain.proceed(RealInterceptorChain.java:147)
	at okhttp3.internal.http.RetryAndFollowUpInterceptor.intercept(RetryAndFollowUpInterceptor.java:126)
	at okhttp3.internal.http.RealInterceptorChain.proceed(RealInterceptorChain.java:147)
	at okhttp3.internal.http.RealInterceptorChain.proceed(RealInterceptorChain.java:121)
	at okhttp3.RealCall.getResponseWithInterceptorChain(RealCall.java:200)
	at okhttp3.RealCall.execute(RealCall.java:77)
	at org.openqa.selenium.remote.internal.OkHttpClient.execute(OkHttpClient.java:103)
	at org.openqa.selenium.remote.HttpCommandExecutor.execute(HttpCommandExecutor.java:155)
	at org.openqa.selenium.remote.service.DriverCommandExecutor.execute(DriverCommandExecutor.java:83)
	... 26 more
Caused by: java.net.ConnectException: Connection refused: connect
	at java.net.DualStackPlainSocketImpl.waitForConnect(Native Method)
	at java.net.DualStackPlainSocketImpl.socketConnect(Unknown Source)
	at java.net.AbstractPlainSocketImpl.doConnect(Unknown Source)
	at java.net.AbstractPlainSocketImpl.connectToAddress(Unknown Source)
	at java.net.AbstractPlainSocketImpl.connect(Unknown Source)
	at java.net.PlainSocketImpl.connect(Unknown Source)
	at java.net.SocksSocketImpl.connect(Unknown Source)
	at java.net.Socket.connect(Unknown Source)
	at okhttp3.internal.platform.Platform.connectSocket(Platform.java:129)
	at okhttp3.internal.connection.RealConnection.connectSocket(RealConnection.java:245)
	... 46 more
... Removed 18 stack frames</pre>
				</div>
				<a href='#'
				onClick='toggleBox("stack-trace795946468", this, "Click to show all stack frames", "Click to hide stack frames")'>Click
					to show all stack frames</a>
				<div class='stack-trace' id='stack-trace795946468'>
					<pre>org.openqa.selenium.WebDriverException: java.net.ConnectException: Failed to connect to localhost/0:0:0:0:0:0:0:1:26311
Build info: version: &apos;3.141.59&apos;, revision: &apos;e82be7d358&apos;, time: &apos;2018-11-14T08:17:03&apos;
System info: host: &apos;DESKTOP-QNHHQU3&apos;, ip: &apos;192.168.137.1&apos;, os.name: &apos;Windows 10&apos;, os.arch: &apos;amd64&apos;, os.version: &apos;10.0&apos;, java.version: &apos;1.8.0_231&apos;
Driver info: driver.version: RemoteWebDriver
	at org.openqa.selenium.remote.service.DriverCommandExecutor.execute(DriverCommandExecutor.java:92)
	at org.openqa.selenium.remote.RemoteWebDriver.execute(RemoteWebDriver.java:552)
	at org.openqa.selenium.remote.RemoteWebDriver.execute(RemoteWebDriver.java:609)
	at org.openqa.selenium.remote.RemoteWebDriver.quit(RemoteWebDriver.java:452)
	at com.project.samplemvnproject.LinksTesting1.tearDown(LinksTesting1.java:49)
	at sun.reflect.NativeMethodAccessorImpl.invoke0(Native Method)
	at sun.reflect.NativeMethodAccessorImpl.invoke(Unknown Source)
	at sun.reflect.DelegatingMethodAccessorImpl.invoke(Unknown Source)
	at java.lang.reflect.Method.invoke(Unknown Source)
	at org.testng.internal.MethodInvocationHelper.invokeMethod(MethodInvocationHelper.java:104)
	at org.testng.internal.Invoker.invokeConfigurationMethod(Invoker.java:515)
	at org.testng.internal.Invoker.invokeConfigurations(Invoker.java:217)
	at org.testng.internal.Invoker.invokeMethod(Invoker.java:712)
	at org.testng.internal.Invoker.invokeTestMethod(Invoker.java:851)
	at org.testng.internal.Invoker.invokeTestMethods(Invoker.java:1177)
	at org.testng.internal.TestMethodWorker.invokeTestMethods(TestMethodWorker.java:129)
	at org.testng.internal.TestMethodWorker.run(TestMethodWorker.java:112)
	at org.testng.TestRunner.privateRun(TestRunner.java:756)
	at org.testng.TestRunner.run(TestRunner.java:610)
	at org.testng.SuiteRunner.runTest(SuiteRunner.java:387)
	at org.testng.SuiteRunner.access$000(SuiteRunner.java:39)
	at org.testng.SuiteRunner$SuiteWorker.run(SuiteRunner.java:421)
	at org.testng.internal.thread.ThreadUtil$2.call(ThreadUtil.java:64)
	at java.util.concurrent.FutureTask.run(Unknown Source)
	at java.util.concurrent.ThreadPoolExecutor.runWorker(Unknown Source)
	at java.util.concurrent.ThreadPoolExecutor$Worker.run(Unknown Source)
	at java.lang.Thread.run(Unknown Source)
Caused by: java.net.ConnectException: Failed to connect to localhost/0:0:0:0:0:0:0:1:26311
	at okhttp3.internal.connection.RealConnection.connectSocket(RealConnection.java:247)
	at okhttp3.internal.connection.RealConnection.connect(RealConnection.java:165)
	at okhttp3.internal.connection.StreamAllocation.findConnection(StreamAllocation.java:257)
	at okhttp3.internal.connection.StreamAllocation.findHealthyConnection(StreamAllocation.java:135)
	at okhttp3.internal.connection.StreamAllocation.newStream(StreamAllocation.java:114)
	at okhttp3.internal.connection.ConnectInterceptor.intercept(ConnectInterceptor.java:42)
	at okhttp3.internal.http.RealInterceptorChain.proceed(RealInterceptorChain.java:147)
	at okhttp3.internal.http.RealInterceptorChain.proceed(RealInterceptorChain.java:121)
	at okhttp3.internal.cache.CacheInterceptor.intercept(CacheInterceptor.java:93)
	at okhttp3.internal.http.RealInterceptorChain.proceed(RealInterceptorChain.java:147)
	at okhttp3.internal.http.RealInterceptorChain.proceed(RealInterceptorChain.java:121)
	at okhttp3.internal.http.BridgeInterceptor.intercept(BridgeInterceptor.java:93)
	at okhttp3.internal.http.RealInterceptorChain.proceed(RealInterceptorChain.java:147)
	at okhttp3.internal.http.RetryAndFollowUpInterceptor.intercept(RetryAndFollowUpInterceptor.java:126)
	at okhttp3.internal.http.RealInterceptorChain.proceed(RealInterceptorChain.java:147)
	at okhttp3.internal.http.RealInterceptorChain.proceed(RealInterceptorChain.java:121)
	at okhttp3.RealCall.getResponseWithInterceptorChain(RealCall.java:200)
	at okhttp3.RealCall.execute(RealCall.java:77)
	at org.openqa.selenium.remote.internal.OkHttpClient.execute(OkHttpClient.java:103)
	at org.openqa.selenium.remote.HttpCommandExecutor.execute(HttpCommandExecutor.java:155)
	at org.openqa.selenium.remote.service.DriverCommandExecutor.execute(DriverCommandExecutor.java:83)
	... 26 more
Caused by: java.net.ConnectException: Connection refused: connect
	at java.net.DualStackPlainSocketImpl.waitForConnect(Native Method)
	at java.net.DualStackPlainSocketImpl.socketConnect(Unknown Source)
	at java.net.AbstractPlainSocketImpl.doConnect(Unknown Source)
	at java.net.AbstractPlainSocketImpl.connectToAddress(Unknown Source)
	at java.net.AbstractPlainSocketImpl.connect(Unknown Source)
	at java.net.PlainSocketImpl.connect(Unknown Source)
	at java.net.SocksSocketImpl.connect(Unknown Source)
	at java.net.Socket.connect(Unknown Source)
	at okhttp3.internal.platform.Platform.connectSocket(Platform.java:129)
	at okhttp3.internal.connection.RealConnection.connectSocket(RealConnection.java:245)
	... 46 more
</pre>
				</div></td>
			<td>0</td>
			<td>com.project.samplemvnproject.LinksTesting1@38bc8ab5</td>
		</tr>
	</table>
	<p>
	<table width='100%' border='1' class='invocation-skipped'>
		<tr>
			<td colspan='4' align='center'><b>SKIPPED CONFIGURATIONS</b></td>
		</tr>
		<tr>
			<td><b>Test method</b></td>
			<td width="30%"><b>Exception</b></td>
			<td width="10%"><b>Time (seconds)</b></td>
			<td><b>Instance</b></td>
		</tr>
		<tr>
			<td title='com.project.samplemvnproject.LinksTesting1.tearDown()'><b>tearDown</b><br>Test
				class: com.project.samplemvnproject.LinksTesting1</td>
			<td></td>
			<td>0</td>
			<td>com.project.samplemvnproject.LinksTesting1@3dfc5fb8</td>
		</tr>
		<tr>
			<td title='com.project.samplemvnproject.RadioButton1.afterMethod()'><b>afterMethod</b><br>Test
				class: com.project.samplemvnproject.RadioButton1</td>
			<td></td>
			<td>0</td>
			<td>com.project.samplemvnproject.RadioButton1@687080dc</td>
		</tr>
		<tr>
			<td title='com.project.samplemvnproject.CheckBox1.afterMethod()'><b>afterMethod</b><br>Test
				class: com.project.samplemvnproject.CheckBox1</td>
			<td></td>
			<td>0</td>
			<td>com.project.samplemvnproject.CheckBox1@23d2a7e8</td>
		</tr>
		<tr>
			<td title='com.project.samplemvnproject.TC001.endProcess()'><b>endProcess</b><br>Test
				class: com.project.samplemvnproject.TC001</td>
			<td></td>
			<td>0</td>
			<td>com.project.samplemvnproject.TC001@7a9273a8</td>
		</tr>
	</table>
	<p>
	<table width='100%' border='1' class='invocation-passed'>
		<tr>
			<td colspan='4' align='center'><b>PASSED TESTS</b></td>
		</tr>
		<tr>
			<td><b>Test method</b></td>
			<td width="30%"><b>Exception</b></td>
			<td width="10%"><b>Time (seconds)</b></td>
			<td><b>Instance</b></td>
		</tr>
		<tr>
			<td title='com.project.samplemvnproject.TC001.amazon()'><b>amazon</b><br>Test
				class: com.project.samplemvnproject.TC001</td>
			<td></td>
			<td>0</td>
			<td>com.project.samplemvnproject.TC001@7e2d773b</td>
		</tr>
		<tr>
			<td title='com.project.samplemvnproject.RadioButton1.checkboxTest()'><b>checkboxTest</b><br>Test
				class: com.project.samplemvnproject.RadioButton1</td>
			<td></td>
			<td>0</td>
			<td>com.project.samplemvnproject.RadioButton1@467aecef</td>
		</tr>
		<tr>
			<td title='com.project.samplemvnproject.CheckBox1.checkboxTest()'><b>checkboxTest</b><br>Test
				class: com.project.samplemvnproject.CheckBox1</td>
			<td></td>
			<td>0</td>
			<td>com.project.samplemvnproject.CheckBox1@4d50efb8</td>
		</tr>
	</table>
	<p>
	<table width='100%' border='1' class='invocation-skipped'>
		<tr>
			<td colspan='4' align='center'><b>SKIPPED TESTS</b></td>
		</tr>
		<tr>
			<td><b>Test method</b></td>
			<td width="30%"><b>Exception</b></td>
			<td width="10%"><b>Time (seconds)</b></td>
			<td><b>Instance</b></td>
		</tr>
		<tr>
			<td title='com.project.samplemvnproject.LinksTesting1.linktesting1()'><b>linktesting1</b><br>Test
				class: com.project.samplemvnproject.LinksTesting1</td>
			<td><div>
					<pre>java.util.ConcurrentModificationException
	at java.util.ArrayList$Itr.checkForComodification(Unknown Source)
	at java.util.ArrayList$Itr.next(Unknown Source)
	at com.relevantcodes.extentreports.model.Test.trackLastRunStatus(Test.java:389)
	at com.relevantcodes.extentreports.ExtentTest.log(ExtentTest.java:102)
	at com.relevantcodes.extentreports.ExtentTest.log(ExtentTest.java:188)
	at com.project.samplemvnproject.LinksTesting1.setup(LinksTesting1.java:24)
	at java.util.concurrent.FutureTask.run(Unknown Source)
	at java.util.concurrent.ThreadPoolExecutor.runWorker(Unknown Source)
	at java.util.concurrent.ThreadPoolExecutor$Worker.run(Unknown Source)
	at java.lang.Thread.run(Unknown Source)
... Removed 18 stack frames</pre>
				</div>
				<a href='#'
				onClick='toggleBox("stack-trace1759993793", this, "Click to show all stack frames", "Click to hide stack frames")'>Click
					to show all stack frames</a>
				<div class='stack-trace' id='stack-trace1759993793'>
					<pre>java.util.ConcurrentModificationException
	at java.util.ArrayList$Itr.checkForComodification(Unknown Source)
	at java.util.ArrayList$Itr.next(Unknown Source)
	at com.relevantcodes.extentreports.model.Test.trackLastRunStatus(Test.java:389)
	at com.relevantcodes.extentreports.ExtentTest.log(ExtentTest.java:102)
	at com.relevantcodes.extentreports.ExtentTest.log(ExtentTest.java:188)
	at com.project.samplemvnproject.LinksTesting1.setup(LinksTesting1.java:24)
	at sun.reflect.NativeMethodAccessorImpl.invoke0(Native Method)
	at sun.reflect.NativeMethodAccessorImpl.invoke(Unknown Source)
	at sun.reflect.DelegatingMethodAccessorImpl.invoke(Unknown Source)
	at java.lang.reflect.Method.invoke(Unknown Source)
	at org.testng.internal.MethodInvocationHelper.invokeMethod(MethodInvocationHelper.java:104)
	at org.testng.internal.Invoker.invokeConfigurationMethod(Invoker.java:515)
	at org.testng.internal.Invoker.invokeConfigurations(Invoker.java:217)
	at org.testng.internal.Invoker.invokeMethod(Invoker.java:590)
	at org.testng.internal.Invoker.invokeTestMethod(Invoker.java:851)
	at org.testng.internal.Invoker.invokeTestMethods(Invoker.java:1177)
	at org.testng.internal.TestMethodWorker.invokeTestMethods(TestMethodWorker.java:129)
	at org.testng.internal.TestMethodWorker.run(TestMethodWorker.java:112)
	at org.testng.TestRunner.privateRun(TestRunner.java:756)
	at org.testng.TestRunner.run(TestRunner.java:610)
	at org.testng.SuiteRunner.runTest(SuiteRunner.java:387)
	at org.testng.SuiteRunner.access$000(SuiteRunner.java:39)
	at org.testng.SuiteRunner$SuiteWorker.run(SuiteRunner.java:421)
	at org.testng.internal.thread.ThreadUtil$2.call(ThreadUtil.java:64)
	at java.util.concurrent.FutureTask.run(Unknown Source)
	at java.util.concurrent.ThreadPoolExecutor.runWorker(Unknown Source)
	at java.util.concurrent.ThreadPoolExecutor$Worker.run(Unknown Source)
	at java.lang.Thread.run(Unknown Source)
</pre>
				</div></td>
			<td>0</td>
			<td>com.project.samplemvnproject.LinksTesting1@3dfc5fb8</td>
		</tr>
	</table>
	<p>
</body>
</html>